This file contains any messages produced by compilers while
running configure, to aid debugging if configure makes a mistake.

It was created by cfgsystem configure 1.0, which was
generated by GNU Autoconf 2.69.  Invocation command line was

  $ ./configure 

## --------- ##
## Platform. ##
## --------- ##

hostname = user
uname -m = x86_64
uname -r = 4.4.0-96-generic
uname -s = Linux
uname -v = #119-Ubuntu SMP Tue Sep 12 14:59:54 UTC 2017

/usr/bin/uname -p = unknown
/bin/uname -X     = unknown

/bin/arch              = unknown
/usr/bin/arch -k       = unknown
/usr/convex/getsysinfo = unknown
/usr/bin/hostinfo      = unknown
/bin/machine           = unknown
/usr/bin/oslevel       = unknown
/bin/universe          = unknown

PATH: /usr/local/sbin
PATH: /usr/local/bin
PATH: /usr/sbin
PATH: /usr/bin
PATH: /sbin
PATH: /bin
PATH: /usr/games
PATH: /usr/local/games
PATH: /snap/bin


## ----------- ##
## Core tests. ##
## ----------- ##

configure:2331: checking for gcc
configure:2347: found /usr/bin/gcc
configure:2358: result: gcc
configure:2587: checking for C compiler version
configure:2596: gcc --version >&5
gcc (Ubuntu 5.4.0-6ubuntu1~16.04.10) 5.4.0 20160609
Copyright (C) 2015 Free Software Foundation, Inc.
This is free software; see the source for copying conditions.  There is NO
warranty; not even for MERCHANTABILITY or FITNESS FOR A PARTICULAR PURPOSE.

configure:2607: $? = 0
configure:2596: gcc -v >&5
Using built-in specs.
COLLECT_GCC=gcc
COLLECT_LTO_WRAPPER=/usr/lib/gcc/x86_64-linux-gnu/5/lto-wrapper
Target: x86_64-linux-gnu
Configured with: ../src/configure -v --with-pkgversion='Ubuntu 5.4.0-6ubuntu1~16.04.10' --with-bugurl=file:///usr/share/doc/gcc-5/README.Bugs --enable-languages=c,ada,c++,java,go,d,fortran,objc,obj-c++ --prefix=/usr --program-suffix=-5 --enable-shared --enable-linker-build-id --libexecdir=/usr/lib --without-included-gettext --enable-threads=posix --libdir=/usr/lib --enable-nls --with-sysroot=/ --enable-clocale=gnu --enable-libstdcxx-debug --enable-libstdcxx-time=yes --with-default-libstdcxx-abi=new --enable-gnu-unique-object --disable-vtable-verify --enable-libmpx --enable-plugin --with-system-zlib --disable-browser-plugin --enable-java-awt=gtk --enable-gtk-cairo --with-java-home=/usr/lib/jvm/java-1.5.0-gcj-5-amd64/jre --enable-java-home --with-jvm-root-dir=/usr/lib/jvm/java-1.5.0-gcj-5-amd64 --with-jvm-jar-dir=/usr/lib/jvm-exports/java-1.5.0-gcj-5-amd64 --with-arch-directory=amd64 --with-ecj-jar=/usr/share/java/eclipse-ecj.jar --enable-objc-gc --enable-multiarch --disable-werror --with-arch-32=i686 --with-abi=m64 --with-multilib-list=m32,m64,mx32 --enable-multilib --with-tune=generic --enable-checking=release --build=x86_64-linux-gnu --host=x86_64-linux-gnu --target=x86_64-linux-gnu
Thread model: posix
gcc version 5.4.0 20160609 (Ubuntu 5.4.0-6ubuntu1~16.04.10) 
configure:2607: $? = 0
configure:2596: gcc -V >&5
gcc: error: unrecognized command line option '-V'
gcc: fatal error: no input files
compilation terminated.
configure:2607: $? = 1
configure:2596: gcc -qversion >&5
gcc: error: unrecognized command line option '-qversion'
gcc: fatal error: no input files
compilation terminated.
configure:2607: $? = 1
configure:2627: checking whether the C compiler works
configure:2649: gcc  -O3 -DNDEBUG -I/usr/local/include -L/usr/local/lib conftest.c  >&5
configure:2653: $? = 0
configure:2701: result: yes
configure:2704: checking for C compiler default output file name
configure:2706: result: a.out
configure:2712: checking for suffix of executables
configure:2719: gcc -o conftest  -O3 -DNDEBUG -I/usr/local/include -L/usr/local/lib conftest.c  >&5
configure:2723: $? = 0
configure:2745: result: 
configure:2767: checking whether we are cross compiling
configure:2775: gcc -o conftest  -O3 -DNDEBUG -I/usr/local/include -L/usr/local/lib conftest.c  >&5
configure:2779: $? = 0
configure:2786: ./conftest
configure:2790: $? = 0
configure:2805: result: no
configure:2810: checking for suffix of object files
configure:2832: gcc -c  -O3 -DNDEBUG -I/usr/local/include conftest.c >&5
configure:2836: $? = 0
configure:2857: result: o
configure:2861: checking whether we are using the GNU C compiler
configure:2880: gcc -c  -O3 -DNDEBUG -I/usr/local/include conftest.c >&5
configure:2880: $? = 0
configure:2889: result: yes
configure:2898: checking whether gcc accepts -g
configure:2918: gcc -c -g -I/usr/local/include conftest.c >&5
configure:2918: $? = 0
configure:2959: result: yes
configure:2976: checking for gcc option to accept ISO C89
configure:3039: gcc  -c  -O3 -DNDEBUG -I/usr/local/include conftest.c >&5
configure:3039: $? = 0
configure:3052: result: none needed
configure:3115: checking for a BSD-compatible install
configure:3183: result: /usr/bin/install -c
configure:3202: checking for useradd
configure:3221: found /usr/sbin/useradd
configure:3233: result: /usr/sbin/useradd
configure:3252: checking for userdel
configure:3271: found /usr/sbin/userdel
configure:3283: result: /usr/sbin/userdel
configure:3302: checking for shutdown
configure:3321: found /sbin/shutdown
configure:3333: result: /sbin/shutdown
configure:3369: checking for systemctl
configure:3385: found /bin/systemctl
configure:3396: result: yes
configure:3429: generating validation files...
configure:3466: checking build system type
configure:3480: result: x86_64-unknown-linux-gnu
configure:3500: checking host system type
configure:3513: result: x86_64-unknown-linux-gnu
configure:3554: checking how to print strings
configure:3581: result: printf
configure:3602: checking for a sed that does not truncate output
configure:3666: result: /bin/sed
configure:3684: checking for grep that handles long lines and -e
configure:3742: result: /bin/grep
configure:3747: checking for egrep
configure:3809: result: /bin/grep -E
configure:3814: checking for fgrep
configure:3876: result: /bin/grep -F
configure:3911: checking for ld used by gcc
configure:3978: result: /usr/bin/ld
configure:3985: checking if the linker (/usr/bin/ld) is GNU ld
configure:4000: result: yes
configure:4012: checking for BSD- or MS-compatible name lister (nm)
configure:4061: result: /usr/bin/nm -B
configure:4191: checking the name lister (/usr/bin/nm -B) interface
configure:4198: gcc -c  -O3 -DNDEBUG -I/usr/local/include conftest.c >&5
configure:4201: /usr/bin/nm -B "conftest.o"
configure:4204: output
0000000000000000 B some_variable
configure:4211: result: BSD nm
configure:4214: checking whether ln -s works
configure:4218: result: yes
configure:4226: checking the maximum length of command line arguments
configure:4356: result: 1572864
configure:4373: checking whether the shell understands some XSI constructs
configure:4383: result: yes
configure:4387: checking whether the shell understands "+="
configure:4393: result: yes
configure:4428: checking how to convert x86_64-unknown-linux-gnu file names to x86_64-unknown-linux-gnu format
configure:4468: result: func_convert_file_noop
configure:4475: checking how to convert x86_64-unknown-linux-gnu file names to toolchain format
configure:4495: result: func_convert_file_noop
configure:4502: checking for /usr/bin/ld option to reload object files
configure:4509: result: -r
configure:4583: checking for objdump
configure:4599: found /usr/bin/objdump
configure:4610: result: objdump
configure:4642: checking how to recognize dependent libraries
configure:4844: result: pass_all
configure:4929: checking for dlltool
configure:4959: result: no
configure:4989: checking how to associate runtime and link libraries
configure:5016: result: printf %s\n
configure:5077: checking for ar
configure:5093: found /usr/bin/ar
configure:5104: result: ar
configure:5141: checking for archiver @FILE support
configure:5158: gcc -c  -O3 -DNDEBUG -I/usr/local/include conftest.c >&5
configure:5158: $? = 0
configure:5161: ar cru libconftest.a @conftest.lst >&5
ar: `u' modifier ignored since `D' is the default (see `U')
configure:5164: $? = 0
configure:5169: ar cru libconftest.a @conftest.lst >&5
ar: `u' modifier ignored since `D' is the default (see `U')
ar: conftest.o: No such file or directory
configure:5172: $? = 1
configure:5184: result: @
configure:5242: checking for strip
configure:5258: found /usr/bin/strip
configure:5269: result: strip
configure:5341: checking for ranlib
configure:5357: found /usr/bin/ranlib
configure:5368: result: ranlib
configure:5445: checking for gawk
configure:5461: found /usr/bin/gawk
configure:5472: result: gawk
configure:5512: checking command to parse /usr/bin/nm -B output from gcc object
configure:5632: gcc -c  -O3 -DNDEBUG -I/usr/local/include conftest.c >&5
configure:5635: $? = 0
configure:5639: /usr/bin/nm -B conftest.o \| sed -n -e 's/^.*[ ]\([ABCDGIRSTW][ABCDGIRSTW]*\)[ ][ ]*\([_A-Za-z][_A-Za-z0-9]*\)$/\1 \2 \2/p' | sed '/ __gnu_lto/d' \> conftest.nm
configure:5642: $? = 0
configure:5708: gcc -o conftest  -O3 -DNDEBUG -I/usr/local/include -L/usr/local/lib conftest.c conftstm.o >&5
configure:5711: $? = 0
configure:5749: result: ok
configure:5786: checking for sysroot
configure:5816: result: no
configure:5893: gcc -c  -O3 -DNDEBUG -I/usr/local/include conftest.c >&5
configure:5896: $? = 0
configure:6072: checking for mt
configure:6088: found /bin/mt
configure:6099: result: mt
configure:6122: checking if mt is a manifest tool
configure:6128: mt '-?'
configure:6136: result: no
configure:6778: checking how to run the C preprocessor
configure:6809: gcc -E -I/usr/local/include conftest.c
configure:6809: $? = 0
configure:6823: gcc -E -I/usr/local/include conftest.c
conftest.c:9:28: fatal error: ac_nonexistent.h: No such file or directory
compilation terminated.
configure:6823: $? = 1
configure: failed program was:
| /* confdefs.h */
| #define PACKAGE_NAME "cfgsystem"
| #define PACKAGE_TARNAME "cfgsystem"
| #define PACKAGE_VERSION "1.0"
| #define PACKAGE_STRING "cfgsystem 1.0"
| #define PACKAGE_BUGREPORT ""
| #define PACKAGE_URL ""
| /* end confdefs.h.  */
| #include <ac_nonexistent.h>
configure:6848: result: gcc -E
configure:6868: gcc -E -I/usr/local/include conftest.c
configure:6868: $? = 0
configure:6882: gcc -E -I/usr/local/include conftest.c
conftest.c:9:28: fatal error: ac_nonexistent.h: No such file or directory
compilation terminated.
configure:6882: $? = 1
configure: failed program was:
| /* confdefs.h */
| #define PACKAGE_NAME "cfgsystem"
| #define PACKAGE_TARNAME "cfgsystem"
| #define PACKAGE_VERSION "1.0"
| #define PACKAGE_STRING "cfgsystem 1.0"
| #define PACKAGE_BUGREPORT ""
| #define PACKAGE_URL ""
| /* end confdefs.h.  */
| #include <ac_nonexistent.h>
configure:6911: checking for ANSI C header files
configure:6931: gcc -c  -O3 -DNDEBUG -I/usr/local/include conftest.c >&5
configure:6931: $? = 0
configure:7004: gcc -o conftest  -O3 -DNDEBUG -I/usr/local/include -L/usr/local/lib conftest.c  >&5
configure:7004: $? = 0
configure:7004: ./conftest
configure:7004: $? = 0
configure:7015: result: yes
configure:7028: checking for sys/types.h
configure:7028: gcc -c  -O3 -DNDEBUG -I/usr/local/include conftest.c >&5
configure:7028: $? = 0
configure:7028: result: yes
configure:7028: checking for sys/stat.h
configure:7028: gcc -c  -O3 -DNDEBUG -I/usr/local/include conftest.c >&5
configure:7028: $? = 0
configure:7028: result: yes
configure:7028: checking for stdlib.h
configure:7028: gcc -c  -O3 -DNDEBUG -I/usr/local/include conftest.c >&5
configure:7028: $? = 0
configure:7028: result: yes
configure:7028: checking for string.h
configure:7028: gcc -c  -O3 -DNDEBUG -I/usr/local/include conftest.c >&5
configure:7028: $? = 0
configure:7028: result: yes
configure:7028: checking for memory.h
configure:7028: gcc -c  -O3 -DNDEBUG -I/usr/local/include conftest.c >&5
configure:7028: $? = 0
configure:7028: result: yes
configure:7028: checking for strings.h
configure:7028: gcc -c  -O3 -DNDEBUG -I/usr/local/include conftest.c >&5
configure:7028: $? = 0
configure:7028: result: yes
configure:7028: checking for inttypes.h
configure:7028: gcc -c  -O3 -DNDEBUG -I/usr/local/include conftest.c >&5
configure:7028: $? = 0
configure:7028: result: yes
configure:7028: checking for stdint.h
configure:7028: gcc -c  -O3 -DNDEBUG -I/usr/local/include conftest.c >&5
configure:7028: $? = 0
configure:7028: result: yes
configure:7028: checking for unistd.h
configure:7028: gcc -c  -O3 -DNDEBUG -I/usr/local/include conftest.c >&5
configure:7028: $? = 0
configure:7028: result: yes
configure:7042: checking for dlfcn.h
configure:7042: gcc -c  -O3 -DNDEBUG -I/usr/local/include conftest.c >&5
configure:7042: $? = 0
configure:7042: result: yes
configure:7248: checking for objdir
configure:7263: result: .libs
configure:7530: checking if gcc supports -fno-rtti -fno-exceptions
configure:7548: gcc -c  -O3 -DNDEBUG -I/usr/local/include -fno-rtti -fno-exceptions conftest.c >&5
cc1: warning: command line option '-fno-rtti' is valid for C++/ObjC++ but not for C
configure:7552: $? = 0
configure:7565: result: no
configure:7892: checking for gcc option to produce PIC
configure:7899: result: -fPIC -DPIC
configure:7907: checking if gcc PIC flag -fPIC -DPIC works
configure:7925: gcc -c  -O3 -DNDEBUG -I/usr/local/include -fPIC -DPIC -DPIC conftest.c >&5
configure:7929: $? = 0
configure:7942: result: yes
configure:7971: checking if gcc static flag -static works
configure:7999: result: yes
configure:8014: checking if gcc supports -c -o file.o
configure:8035: gcc -c  -O3 -DNDEBUG -I/usr/local/include -o out/conftest2.o conftest.c >&5
configure:8039: $? = 0
configure:8061: result: yes
configure:8069: checking if gcc supports -c -o file.o
configure:8116: result: yes
configure:8149: checking whether the gcc linker (/usr/bin/ld -m elf_x86_64) supports shared libraries
configure:9302: result: yes
configure:9339: checking whether -lc should be explicitly linked in
configure:9347: gcc -c  -O3 -DNDEBUG -I/usr/local/include conftest.c >&5
configure:9350: $? = 0
configure:9365: gcc -shared  -fPIC -DPIC conftest.o  -v -Wl,-soname -Wl,conftest -o conftest 2\>\&1 \| /bin/grep  -lc  \>/dev/null 2\>\&1
configure:9368: $? = 0
configure:9382: result: no
configure:9542: checking dynamic linker characteristics
configure:10053: gcc -o conftest  -O3 -DNDEBUG -I/usr/local/include -L/usr/local/lib -Wl,-rpath -Wl,/foo conftest.c  >&5
configure:10053: $? = 0
configure:10275: result: GNU/Linux ld.so
configure:10382: checking how to hardcode library paths into programs
configure:10407: result: immediate
configure:10947: checking whether stripping libraries is possible
configure:10952: result: yes
configure:10987: checking if libtool supports shared libraries
configure:10989: result: yes
configure:10992: checking whether to build shared libraries
configure:11013: result: yes
configure:11016: checking whether to build static libraries
configure:11020: result: yes
configure:11066: checking for ELF visibility
configure:11085: gcc -c  -O3 -DNDEBUG -fvisibility=hidden -I/usr/local/include conftest.c >&5
configure:11085: $? = 0
configure:11087: result: yes
configure:11103: checking for netopeer-manager
configure:11136: result: no
configure:11200: checking for pkg-config
configure:11218: found /usr/bin/pkg-config
configure:11230: result: /usr/bin/pkg-config
configure:11255: checking pkg-config is at least version 0.9.0
configure:11258: result: yes
configure:11268: checking for LIBNETCONF
configure:11275: $PKG_CONFIG --exists --print-errors "libnetconf"
configure:11278: $? = 0
configure:11292: $PKG_CONFIG --exists --print-errors "libnetconf"
configure:11295: $? = 0
configure:11353: result: yes
configure:11364: checking for AUGEAS
configure:11371: $PKG_CONFIG --exists --print-errors "augeas >= 1.0.0"
configure:11374: $? = 0
configure:11388: $PKG_CONFIG --exists --print-errors "augeas >= 1.0.0"
configure:11391: $? = 0
configure:11449: result: yes
configure:11456: checking for library containing crypt
configure:11487: gcc -o conftest  -O3 -DNDEBUG -fvisibility=hidden -I/usr/local/include -DPUBLIC=__attribute__\(\(visibility\(\"default\"\)\)\) -I/usr/local/include -I/usr/include/libxml2 -L/usr/local/lib conftest.c  -L/usr/local/lib -lnetconf -laugeas >&5
<command-line>:0:38: warning: missing terminating " character
/tmp/ccea3zUD.o: In function `main':
conftest.c:(.text.startup+0x7): undefined reference to `crypt'
collect2: error: ld returned 1 exit status
configure:11487: $? = 1
configure: failed program was:
| /* confdefs.h */
| #define PACKAGE_NAME "cfgsystem"
| #define PACKAGE_TARNAME "cfgsystem"
| #define PACKAGE_VERSION "1.0"
| #define PACKAGE_STRING "cfgsystem 1.0"
| #define PACKAGE_BUGREPORT ""
| #define PACKAGE_URL ""
| #define STDC_HEADERS 1
| #define HAVE_SYS_TYPES_H 1
| #define HAVE_SYS_STAT_H 1
| #define HAVE_STDLIB_H 1
| #define HAVE_STRING_H 1
| #define HAVE_MEMORY_H 1
| #define HAVE_STRINGS_H 1
| #define HAVE_INTTYPES_H 1
| #define HAVE_STDINT_H 1
| #define HAVE_UNISTD_H 1
| #define HAVE_DLFCN_H 1
| #define LT_OBJDIR ".libs/"
| /* end confdefs.h.  */
| 
| /* Override any GCC internal prototype to avoid an error.
|    Use char because int might match the return type of a GCC
|    builtin and then its argument prototype would still apply.  */
| #ifdef __cplusplus
| extern "C"
| #endif
| char crypt ();
| int
| main ()
| {
| return crypt ();
|   ;
|   return 0;
| }
configure:11487: gcc -o conftest  -O3 -DNDEBUG -fvisibility=hidden -I/usr/local/include -DPUBLIC=__attribute__\(\(visibility\(\"default\"\)\)\) -I/usr/local/include -I/usr/include/libxml2 -L/usr/local/lib conftest.c -lcrypt   -L/usr/local/lib -lnetconf -laugeas >&5
<command-line>:0:38: warning: missing terminating " character
configure:11487: $? = 0
configure:11504: result: -lcrypt
configure:11519: checking for xml2-config
configure:11535: found /usr/bin/xml2-config
configure:11547: result: yes
configure:11558: checking for main in -lxml2
configure:11577: gcc -o conftest  -O3 -DNDEBUG -fvisibility=hidden -I/usr/local/include -DPUBLIC=__attribute__\(\(visibility\(\"default\"\)\)\) -I/usr/local/include -I/usr/include/libxml2 -L/usr/local/lib conftest.c -lxml2  -lcrypt  -L/usr/local/lib -lnetconf -laugeas >&5
<command-line>:0:38: warning: missing terminating " character
configure:11577: $? = 0
configure:11586: result: yes
configure:11600: checking for stdlib.h
configure:11600: result: yes
configure:11600: checking libnetconf.h usability
configure:11600: gcc -c -I/usr/include/libxml2  -O3 -DNDEBUG -fvisibility=hidden -I/usr/local/include -DPUBLIC=__attribute__\(\(visibility\(\"default\"\)\)\) -I/usr/local/include -I/usr/include/libxml2 conftest.c >&5
<command-line>:0:38: warning: missing terminating " character
configure:11600: $? = 0
configure:11600: result: yes
configure:11600: checking libnetconf.h presence
configure:11600: gcc -E -I/usr/local/include -DPUBLIC=__attribute__\(\(visibility\(\"default\"\)\)\) -I/usr/local/include -I/usr/include/libxml2 conftest.c
<command-line>:0:38: warning: missing terminating " character
configure:11600: $? = 0
configure:11600: result: yes
configure:11600: checking for libnetconf.h
configure:11600: result: yes
configure:11615: checking for l64a
configure:11615: gcc -o conftest -I/usr/include/libxml2  -O3 -DNDEBUG -fvisibility=hidden -I/usr/local/include -DPUBLIC=__attribute__\(\(visibility\(\"default\"\)\)\) -I/usr/local/include -I/usr/include/libxml2 -L/usr/local/lib conftest.c -lxml2 -lcrypt  -L/usr/local/lib -lnetconf -laugeas >&5
<command-line>:0:38: warning: missing terminating " character
configure:11615: $? = 0
configure:11615: result: yes
configure:11775: creating ./config.status

## ---------------------- ##
## Running config.status. ##
## ---------------------- ##

This file was extended by cfgsystem config.status 1.0, which was
generated by GNU Autoconf 2.69.  Invocation command line was

  CONFIG_FILES    = 
  CONFIG_HEADERS  = 
  CONFIG_LINKS    = 
  CONFIG_COMMANDS = 
  $ ./config.status 

on user

config.status:984: creating Makefile
config.status:984: creating base/common.h
config.status:1150: executing libtool commands
configure:13711: 
configure:13713: ------ietf-system feature summary------
configure:13715: On: timezone-name authentication local-users
configure:13717: Off:  ntp
configure:13719: Not supported: radius radius-authentication ntp-udp-port dns-udp-tcp-port

## ---------------- ##
## Cache variables. ##
## ---------------- ##

ac_cv_build=x86_64-unknown-linux-gnu
ac_cv_c_compiler_gnu=yes
ac_cv_env_AUGEAS_CFLAGS_set=
ac_cv_env_AUGEAS_CFLAGS_value=
ac_cv_env_AUGEAS_LIBS_set=
ac_cv_env_AUGEAS_LIBS_value=
ac_cv_env_CC_set=
ac_cv_env_CC_value=
ac_cv_env_CFLAGS_set=
ac_cv_env_CFLAGS_value=
ac_cv_env_CPPFLAGS_set=set
ac_cv_env_CPPFLAGS_value=-I/usr/local/include
ac_cv_env_CPP_set=
ac_cv_env_CPP_value=
ac_cv_env_LDFLAGS_set=set
ac_cv_env_LDFLAGS_value=-L/usr/local/lib
ac_cv_env_LIBNETCONF_CFLAGS_set=
ac_cv_env_LIBNETCONF_CFLAGS_value=
ac_cv_env_LIBNETCONF_LIBS_set=
ac_cv_env_LIBNETCONF_LIBS_value=
ac_cv_env_LIBS_set=
ac_cv_env_LIBS_value=
ac_cv_env_PKG_CONFIG_LIBDIR_set=
ac_cv_env_PKG_CONFIG_LIBDIR_value=
ac_cv_env_PKG_CONFIG_PATH_set=
ac_cv_env_PKG_CONFIG_PATH_value=
ac_cv_env_PKG_CONFIG_set=
ac_cv_env_PKG_CONFIG_value=
ac_cv_env_build_alias_set=
ac_cv_env_build_alias_value=
ac_cv_env_host_alias_set=
ac_cv_env_host_alias_value=
ac_cv_env_target_alias_set=
ac_cv_env_target_alias_value=
ac_cv_func_l64a=yes
ac_cv_header_dlfcn_h=yes
ac_cv_header_inttypes_h=yes
ac_cv_header_libnetconf_h=yes
ac_cv_header_memory_h=yes
ac_cv_header_stdc=yes
ac_cv_header_stdint_h=yes
ac_cv_header_stdlib_h=yes
ac_cv_header_string_h=yes
ac_cv_header_strings_h=yes
ac_cv_header_sys_stat_h=yes
ac_cv_header_sys_types_h=yes
ac_cv_header_unistd_h=yes
ac_cv_host=x86_64-unknown-linux-gnu
ac_cv_lib_xml2_main=yes
ac_cv_objext=o
ac_cv_path_EGREP='/bin/grep -E'
ac_cv_path_FGREP='/bin/grep -F'
ac_cv_path_GREP=/bin/grep
ac_cv_path_SED=/bin/sed
ac_cv_path_SHUTDOWN=/sbin/shutdown
ac_cv_path_USERADD=/usr/sbin/useradd
ac_cv_path_USERDEL=/usr/sbin/userdel
ac_cv_path_ac_pt_PKG_CONFIG=/usr/bin/pkg-config
ac_cv_path_install='/usr/bin/install -c'
ac_cv_prog_AWK=gawk
ac_cv_prog_CPP='gcc -E'
ac_cv_prog_SYSTEMCTL=yes
ac_cv_prog_XML2_CONFIG=yes
ac_cv_prog_ac_ct_AR=ar
ac_cv_prog_ac_ct_CC=gcc
ac_cv_prog_ac_ct_MANIFEST_TOOL=mt
ac_cv_prog_ac_ct_OBJDUMP=objdump
ac_cv_prog_ac_ct_RANLIB=ranlib
ac_cv_prog_ac_ct_STRIP=strip
ac_cv_prog_cc_c89=
ac_cv_prog_cc_g=yes
ac_cv_search_crypt=-lcrypt
lt_cv_ar_at_file=@
lt_cv_archive_cmds_need_lc=no
lt_cv_deplibs_check_method=pass_all
lt_cv_file_magic_cmd='$MAGIC_CMD'
lt_cv_file_magic_test_file=
lt_cv_ld_reload_flag=-r
lt_cv_nm_interface='BSD nm'
lt_cv_objdir=.libs
lt_cv_path_LD=/usr/bin/ld
lt_cv_path_NM='/usr/bin/nm -B'
lt_cv_path_mainfest_tool=no
lt_cv_prog_compiler_c_o=yes
lt_cv_prog_compiler_pic='-fPIC -DPIC'
lt_cv_prog_compiler_pic_works=yes
lt_cv_prog_compiler_rtti_exceptions=no
lt_cv_prog_compiler_static_works=yes
lt_cv_prog_gnu_ld=yes
lt_cv_sharedlib_from_linklib_cmd='printf %s\n'
lt_cv_shlibpath_overrides_runpath=no
lt_cv_sys_global_symbol_pipe='sed -n -e '\''s/^.*[	 ]\([ABCDGIRSTW][ABCDGIRSTW]*\)[	 ][	 ]*\([_A-Za-z][_A-Za-z0-9]*\)$/\1 \2 \2/p'\'' | sed '\''/ __gnu_lto/d'\'''
lt_cv_sys_global_symbol_to_c_name_address='sed -n -e '\''s/^: \([^ ]*\)[ ]*$/  {\"\1\", (void *) 0},/p'\'' -e '\''s/^[ABCDGIRSTW]* \([^ ]*\) \([^ ]*\)$/  {"\2", (void *) \&\2},/p'\'''
lt_cv_sys_global_symbol_to_c_name_address_lib_prefix='sed -n -e '\''s/^: \([^ ]*\)[ ]*$/  {\"\1\", (void *) 0},/p'\'' -e '\''s/^[ABCDGIRSTW]* \([^ ]*\) \(lib[^ ]*\)$/  {"\2", (void *) \&\2},/p'\'' -e '\''s/^[ABCDGIRSTW]* \([^ ]*\) \([^ ]*\)$/  {"lib\2", (void *) \&\2},/p'\'''
lt_cv_sys_global_symbol_to_cdecl='sed -n -e '\''s/^T .* \(.*\)$/extern int \1();/p'\'' -e '\''s/^[ABCDGIRSTW]* .* \(.*\)$/extern char \1;/p'\'''
lt_cv_sys_max_cmd_len=1572864
lt_cv_to_host_file_cmd=func_convert_file_noop
lt_cv_to_tool_file_cmd=func_convert_file_noop
pkg_cv_AUGEAS_CFLAGS=-I/usr/include/libxml2
pkg_cv_AUGEAS_LIBS=-laugeas
pkg_cv_LIBNETCONF_CFLAGS=-I/usr/local/include
pkg_cv_LIBNETCONF_LIBS='-L/usr/local/lib -lnetconf'

## ----------------- ##
## Output variables. ##
## ----------------- ##

AR='ar'
AUGEAS_CFLAGS='-I/usr/include/libxml2'
AUGEAS_LIBS='-laugeas'
AWK='gawk'
CC='gcc'
CFLAGS='-I/usr/include/libxml2  -O3 -DNDEBUG -fvisibility=hidden'
CPP='gcc -E'
CPPFLAGS='-I/usr/local/include -DPUBLIC=__attribute__\(\(visibility\(\"default\"\)\)\) -I/usr/local/include -I/usr/include/libxml2 -DHAVE_L64A'
DEFS='-DPACKAGE_NAME=\"cfgsystem\" -DPACKAGE_TARNAME=\"cfgsystem\" -DPACKAGE_VERSION=\"1.0\" -DPACKAGE_STRING=\"cfgsystem\ 1.0\" -DPACKAGE_BUGREPORT=\"\" -DPACKAGE_URL=\"\" -DSTDC_HEADERS=1 -DHAVE_SYS_TYPES_H=1 -DHAVE_SYS_STAT_H=1 -DHAVE_STDLIB_H=1 -DHAVE_STRING_H=1 -DHAVE_MEMORY_H=1 -DHAVE_STRINGS_H=1 -DHAVE_INTTYPES_H=1 -DHAVE_STDINT_H=1 -DHAVE_UNISTD_H=1 -DHAVE_DLFCN_H=1 -DLT_OBJDIR=\".libs/\" -DHAVE_STDLIB_H=1 -DHAVE_LIBNETCONF_H=1'
DLLTOOL='false'
DSYMUTIL=''
DUMPBIN=''
ECHO_C=''
ECHO_N='-n'
ECHO_T=''
EGREP='/bin/grep -E'
EXEEXT=''
FEATURES='timezone-name authentication local-users'
FGREP='/bin/grep -F'
GREP='/bin/grep'
INSTALL_DATA='${INSTALL} -m 644'
INSTALL_PROGRAM='${INSTALL}'
INSTALL_SCRIPT='${INSTALL}'
LD='/usr/bin/ld -m elf_x86_64'
LDFLAGS='-L/usr/local/lib'
LIBNETCONF_CFLAGS='-I/usr/local/include'
LIBNETCONF_DATADIR='/usr/local/share'
LIBNETCONF_LIBS='-L/usr/local/lib -lnetconf'
LIBOBJS=''
LIBS='-lxml2 -lcrypt  -L/usr/local/lib -lnetconf -laugeas'
LIBTOOL='$(SHELL) $(top_builddir)/libtool'
LIPO=''
LN_S='ln -s'
LTLIBOBJS=''
MANIFEST_TOOL=':'
NETOPEER_DIR='${prefix}/etc/netopeer/'
NETOPEER_MANAGER=''
NM='/usr/bin/nm -B'
NMEDIT=''
OBJDUMP='objdump'
OBJEXT='o'
OTOOL64=''
OTOOL=''
PACKAGE_BUGREPORT=''
PACKAGE_NAME='cfgsystem'
PACKAGE_STRING='cfgsystem 1.0'
PACKAGE_TARNAME='cfgsystem'
PACKAGE_URL=''
PACKAGE_VERSION='1.0'
PATH_SEPARATOR=':'
PKG_CONFIG='/usr/bin/pkg-config'
PKG_CONFIG_LIBDIR=''
PKG_CONFIG_PATH='/usr/local/lib/pkgconfig:'
PROJECTNAME='cfgsystem'
RANLIB='ranlib'
SED='/bin/sed'
SHELL='/bin/bash'
SHUTDOWN='/sbin/shutdown'
STRIP='strip'
SYSTEMCTL='yes'
USERADD='/usr/sbin/useradd'
USERDEL='/usr/sbin/userdel'
XML2_CONFIG='yes'
ac_ct_AR='ar'
ac_ct_CC='gcc'
ac_ct_DUMPBIN=''
bindir='${exec_prefix}/bin'
build='x86_64-unknown-linux-gnu'
build_alias=''
build_cpu='x86_64'
build_os='linux-gnu'
build_vendor='unknown'
datadir='${datarootdir}'
datarootdir='${prefix}/share'
docdir='${datarootdir}/doc/${PACKAGE_TARNAME}'
dvidir='${docdir}'
exec_prefix='${prefix}'
host='x86_64-unknown-linux-gnu'
host_alias=''
host_cpu='x86_64'
host_os='linux-gnu'
host_vendor='unknown'
htmldir='${docdir}'
includedir='${prefix}/include'
infodir='${datarootdir}/info'
libdir='${exec_prefix}/lib'
libexecdir='${exec_prefix}/libexec'
libtool='./libtool'
localedir='${datarootdir}/locale'
localstatedir='${prefix}/var'
mandir='${datarootdir}/man'
oldincludedir='/usr/include'
pdfdir='${docdir}'
prefix='/usr/local'
program_transform_name='s,x,x,'
psdir='${docdir}'
sbindir='${exec_prefix}/sbin'
sharedstatedir='${prefix}/com'
sysconfdir='${prefix}/etc'
target_alias=''

## ----------- ##
## confdefs.h. ##
## ----------- ##

/* confdefs.h */
#define PACKAGE_NAME "cfgsystem"
#define PACKAGE_TARNAME "cfgsystem"
#define PACKAGE_VERSION "1.0"
#define PACKAGE_STRING "cfgsystem 1.0"
#define PACKAGE_BUGREPORT ""
#define PACKAGE_URL ""
#define STDC_HEADERS 1
#define HAVE_SYS_TYPES_H 1
#define HAVE_SYS_STAT_H 1
#define HAVE_STDLIB_H 1
#define HAVE_STRING_H 1
#define HAVE_MEMORY_H 1
#define HAVE_STRINGS_H 1
#define HAVE_INTTYPES_H 1
#define HAVE_STDINT_H 1
#define HAVE_UNISTD_H 1
#define HAVE_DLFCN_H 1
#define LT_OBJDIR ".libs/"
#define HAVE_STDLIB_H 1
#define HAVE_LIBNETCONF_H 1

configure: exit 0
