This file contains any messages produced by compilers while
running configure, to aid debugging if configure makes a mistake.

It was created by netopeer-cli configure 0.8.0, which was
generated by GNU Autoconf 2.69.  Invocation command line was

  $ ./configure 

## --------- ##
## Platform. ##
## --------- ##

hostname = user
uname -m = x86_64
uname -r = 4.4.0-96-generic
uname -s = Linux
uname -v = #119-Ubuntu SMP Tue Sep 12 14:59:54 UTC 2017

/usr/bin/uname -p = unknown
/bin/uname -X     = unknown

/bin/arch              = unknown
/usr/bin/arch -k       = unknown
/usr/convex/getsysinfo = unknown
/usr/bin/hostinfo      = unknown
/bin/machine           = unknown
/usr/bin/oslevel       = unknown
/bin/universe          = unknown

PATH: /usr/local/sbin
PATH: /usr/local/bin
PATH: /usr/sbin
PATH: /usr/bin
PATH: /sbin
PATH: /bin
PATH: /usr/games
PATH: /usr/local/games
PATH: /snap/bin


## ----------- ##
## Core tests. ##
## ----------- ##

configure:2295: checking build system type
configure:2309: result: x86_64-unknown-linux-gnu
configure:2329: checking host system type
configure:2342: result: x86_64-unknown-linux-gnu
configure:2387: checking for pkg-config
configure:2405: found /usr/bin/pkg-config
configure:2418: result: /usr/bin/pkg-config
configure:2457: checking for distro
configure:2459: result: ubuntu
configure:2472: WARNING: Unsupported Linux distro "ubuntu", only RHEL and SUSE are fully supported.
configure:2480: checking for roff2html
configure:2511: result: no
configure:2664: checking for host architecture
configure:2672: result: x86_64 is supported
configure:2729: checking for rpmbuild
configure:2745: found /usr/bin/rpmbuild
configure:2757: result: rpmbuild
configure:2773: checking for greadlink
configure:2801: result: readlink
configure:2811: WARNING: Try installing greadlink.
configure:2868: checking for gcc
configure:2884: found /usr/bin/gcc
configure:2895: result: gcc
configure:3124: checking for C compiler version
configure:3133: gcc --version >&5
gcc (Ubuntu 5.4.0-6ubuntu1~16.04.10) 5.4.0 20160609
Copyright (C) 2015 Free Software Foundation, Inc.
This is free software; see the source for copying conditions.  There is NO
warranty; not even for MERCHANTABILITY or FITNESS FOR A PARTICULAR PURPOSE.

configure:3144: $? = 0
configure:3133: gcc -v >&5
Using built-in specs.
COLLECT_GCC=gcc
COLLECT_LTO_WRAPPER=/usr/lib/gcc/x86_64-linux-gnu/5/lto-wrapper
Target: x86_64-linux-gnu
Configured with: ../src/configure -v --with-pkgversion='Ubuntu 5.4.0-6ubuntu1~16.04.10' --with-bugurl=file:///usr/share/doc/gcc-5/README.Bugs --enable-languages=c,ada,c++,java,go,d,fortran,objc,obj-c++ --prefix=/usr --program-suffix=-5 --enable-shared --enable-linker-build-id --libexecdir=/usr/lib --without-included-gettext --enable-threads=posix --libdir=/usr/lib --enable-nls --with-sysroot=/ --enable-clocale=gnu --enable-libstdcxx-debug --enable-libstdcxx-time=yes --with-default-libstdcxx-abi=new --enable-gnu-unique-object --disable-vtable-verify --enable-libmpx --enable-plugin --with-system-zlib --disable-browser-plugin --enable-java-awt=gtk --enable-gtk-cairo --with-java-home=/usr/lib/jvm/java-1.5.0-gcj-5-amd64/jre --enable-java-home --with-jvm-root-dir=/usr/lib/jvm/java-1.5.0-gcj-5-amd64 --with-jvm-jar-dir=/usr/lib/jvm-exports/java-1.5.0-gcj-5-amd64 --with-arch-directory=amd64 --with-ecj-jar=/usr/share/java/eclipse-ecj.jar --enable-objc-gc --enable-multiarch --disable-werror --with-arch-32=i686 --with-abi=m64 --with-multilib-list=m32,m64,mx32 --enable-multilib --with-tune=generic --enable-checking=release --build=x86_64-linux-gnu --host=x86_64-linux-gnu --target=x86_64-linux-gnu
Thread model: posix
gcc version 5.4.0 20160609 (Ubuntu 5.4.0-6ubuntu1~16.04.10) 
configure:3144: $? = 0
configure:3133: gcc -V >&5
gcc: error: unrecognized command line option '-V'
gcc: fatal error: no input files
compilation terminated.
configure:3144: $? = 1
configure:3133: gcc -qversion >&5
gcc: error: unrecognized command line option '-qversion'
gcc: fatal error: no input files
compilation terminated.
configure:3144: $? = 1
configure:3164: checking whether the C compiler works
configure:3186: gcc  -O3 -DNDEBUG  -DRCSID=\"$(IDGIT)\"  conftest.c  >&5
<command-line>:0:8: warning: missing terminating " character
configure:3190: $? = 0
configure:3238: result: yes
configure:3241: checking for C compiler default output file name
configure:3243: result: a.out
configure:3249: checking for suffix of executables
configure:3256: gcc -o conftest  -O3 -DNDEBUG  -DRCSID=\"$(IDGIT)\"  conftest.c  >&5
<command-line>:0:8: warning: missing terminating " character
configure:3260: $? = 0
configure:3282: result: 
configure:3304: checking whether we are cross compiling
configure:3312: gcc -o conftest  -O3 -DNDEBUG  -DRCSID=\"$(IDGIT)\"  conftest.c  >&5
<command-line>:0:8: warning: missing terminating " character
configure:3316: $? = 0
configure:3323: ./conftest
configure:3327: $? = 0
configure:3342: result: no
configure:3347: checking for suffix of object files
configure:3369: gcc -c  -O3 -DNDEBUG  -DRCSID=\"$(IDGIT)\" conftest.c >&5
<command-line>:0:8: warning: missing terminating " character
configure:3373: $? = 0
configure:3394: result: o
configure:3398: checking whether we are using the GNU C compiler
configure:3417: gcc -c  -O3 -DNDEBUG  -DRCSID=\"$(IDGIT)\" conftest.c >&5
<command-line>:0:8: warning: missing terminating " character
configure:3417: $? = 0
configure:3426: result: yes
configure:3435: checking whether gcc accepts -g
configure:3455: gcc -c -g  -DRCSID=\"$(IDGIT)\" conftest.c >&5
<command-line>:0:8: warning: missing terminating " character
configure:3455: $? = 0
configure: failed program was:
| /* confdefs.h */
| #define PACKAGE_NAME "netopeer-cli"
| #define PACKAGE_TARNAME "netopeer-cli"
| #define PACKAGE_VERSION "0.8.0"
| #define PACKAGE_STRING "netopeer-cli 0.8.0"
| #define PACKAGE_BUGREPORT ""
| #define PACKAGE_URL ""
| /* end confdefs.h.  */
| 
| int
| main ()
| {
| 
|   ;
|   return 0;
| }
configure:3470: gcc -c   -DRCSID=\"$(IDGIT)\" conftest.c >&5
<command-line>:0:8: warning: missing terminating " character
configure:3470: $? = 0
configure: failed program was:
| /* confdefs.h */
| #define PACKAGE_NAME "netopeer-cli"
| #define PACKAGE_TARNAME "netopeer-cli"
| #define PACKAGE_VERSION "0.8.0"
| #define PACKAGE_STRING "netopeer-cli 0.8.0"
| #define PACKAGE_BUGREPORT ""
| #define PACKAGE_URL ""
| /* end confdefs.h.  */
| 
| int
| main ()
| {
| 
|   ;
|   return 0;
| }
configure:3486: gcc -c -g  -DRCSID=\"$(IDGIT)\" conftest.c >&5
<command-line>:0:8: warning: missing terminating " character
configure:3486: $? = 0
configure:3496: result: yes
configure:3513: checking for gcc option to accept ISO C89
configure:3576: gcc  -c  -O3 -DNDEBUG  -DRCSID=\"$(IDGIT)\" conftest.c >&5
<command-line>:0:8: warning: missing terminating " character
configure:3576: $? = 0
configure:3589: result: none needed
configure:3614: checking how to run the C preprocessor
configure:3645: gcc -E  -DRCSID=\"$(IDGIT)\" conftest.c
<command-line>:0:8: warning: missing terminating " character
configure:3645: $? = 0
configure:3659: gcc -E  -DRCSID=\"$(IDGIT)\" conftest.c
<command-line>:0:8: warning: missing terminating " character
conftest.c:9:28: fatal error: ac_nonexistent.h: No such file or directory
compilation terminated.
configure:3659: $? = 1
configure: failed program was:
| /* confdefs.h */
| #define PACKAGE_NAME "netopeer-cli"
| #define PACKAGE_TARNAME "netopeer-cli"
| #define PACKAGE_VERSION "0.8.0"
| #define PACKAGE_STRING "netopeer-cli 0.8.0"
| #define PACKAGE_BUGREPORT ""
| #define PACKAGE_URL ""
| /* end confdefs.h.  */
| #include <ac_nonexistent.h>
configure:3684: result: gcc -E
configure:3704: gcc -E  -DRCSID=\"$(IDGIT)\" conftest.c
<command-line>:0:8: warning: missing terminating " character
configure:3704: $? = 0
configure:3718: gcc -E  -DRCSID=\"$(IDGIT)\" conftest.c
<command-line>:0:8: warning: missing terminating " character
conftest.c:9:28: fatal error: ac_nonexistent.h: No such file or directory
compilation terminated.
configure:3718: $? = 1
configure: failed program was:
| /* confdefs.h */
| #define PACKAGE_NAME "netopeer-cli"
| #define PACKAGE_TARNAME "netopeer-cli"
| #define PACKAGE_VERSION "0.8.0"
| #define PACKAGE_STRING "netopeer-cli 0.8.0"
| #define PACKAGE_BUGREPORT ""
| #define PACKAGE_URL ""
| /* end confdefs.h.  */
| #include <ac_nonexistent.h>
configure:3760: checking for a BSD-compatible install
configure:3828: result: /usr/bin/install -c
configure:3850: checking for xml2-config
configure:3866: found /usr/bin/xml2-config
configure:3878: result: yes
configure:4064: checking for the pthreads library -lpthreads
configure:4102: gcc -o conftest -I/usr/include/libxml2  -O3 -DNDEBUG   -DRCSID=\"$(IDGIT)\" -lxml2  conftest.c -lpthreads  >&5
<command-line>:0:8: warning: missing terminating " character
/usr/bin/ld: cannot find -lpthreads
collect2: error: ld returned 1 exit status
configure:4102: $? = 1
configure: failed program was:
| /* confdefs.h */
| #define PACKAGE_NAME "netopeer-cli"
| #define PACKAGE_TARNAME "netopeer-cli"
| #define PACKAGE_VERSION "0.8.0"
| #define PACKAGE_STRING "netopeer-cli 0.8.0"
| #define PACKAGE_BUGREPORT ""
| #define PACKAGE_URL ""
| /* end confdefs.h.  */
| #include <pthread.h>
|                         static void routine(void *a) { a = 0; }
|                         static void *start_routine(void *a) { return a; }
| int
| main ()
| {
| pthread_t th; pthread_attr_t attr;
|                         pthread_create(&th, 0, start_routine, 0);
|                         pthread_join(th, 0);
|                         pthread_attr_init(&attr);
|                         pthread_cleanup_push(routine, 0);
|                         pthread_cleanup_pop(0) /* ; */
|   ;
|   return 0;
| }
configure:4111: result: no
configure:4009: checking whether pthreads work without any flags
configure:4102: gcc -o conftest -I/usr/include/libxml2  -O3 -DNDEBUG   -DRCSID=\"$(IDGIT)\" -lxml2  conftest.c   >&5
<command-line>:0:8: warning: missing terminating " character
/tmp/cc1LS9ik.o: In function `main':
conftest.c:(.text.startup+0x29): undefined reference to `pthread_create'
conftest.c:(.text.startup+0x35): undefined reference to `pthread_join'
conftest.c:(.text.startup+0x59): undefined reference to `__pthread_register_cancel'
conftest.c:(.text.startup+0x63): undefined reference to `__pthread_unregister_cancel'
collect2: error: ld returned 1 exit status
configure:4102: $? = 1
configure: failed program was:
| /* confdefs.h */
| #define PACKAGE_NAME "netopeer-cli"
| #define PACKAGE_TARNAME "netopeer-cli"
| #define PACKAGE_VERSION "0.8.0"
| #define PACKAGE_STRING "netopeer-cli 0.8.0"
| #define PACKAGE_BUGREPORT ""
| #define PACKAGE_URL ""
| /* end confdefs.h.  */
| #include <pthread.h>
|                         static void routine(void *a) { a = 0; }
|                         static void *start_routine(void *a) { return a; }
| int
| main ()
| {
| pthread_t th; pthread_attr_t attr;
|                         pthread_create(&th, 0, start_routine, 0);
|                         pthread_join(th, 0);
|                         pthread_attr_init(&attr);
|                         pthread_cleanup_push(routine, 0);
|                         pthread_cleanup_pop(0) /* ; */
|   ;
|   return 0;
| }
configure:4111: result: no
configure:4014: checking whether pthreads work with -Kthread
configure:4102: gcc -o conftest -I/usr/include/libxml2  -O3 -DNDEBUG -Kthread  -DRCSID=\"$(IDGIT)\" -lxml2  conftest.c   >&5
gcc: error: unrecognized command line option '-Kthread'
configure:4102: $? = 1
configure: failed program was:
| /* confdefs.h */
| #define PACKAGE_NAME "netopeer-cli"
| #define PACKAGE_TARNAME "netopeer-cli"
| #define PACKAGE_VERSION "0.8.0"
| #define PACKAGE_STRING "netopeer-cli 0.8.0"
| #define PACKAGE_BUGREPORT ""
| #define PACKAGE_URL ""
| /* end confdefs.h.  */
| #include <pthread.h>
|                         static void routine(void *a) { a = 0; }
|                         static void *start_routine(void *a) { return a; }
| int
| main ()
| {
| pthread_t th; pthread_attr_t attr;
|                         pthread_create(&th, 0, start_routine, 0);
|                         pthread_join(th, 0);
|                         pthread_attr_init(&attr);
|                         pthread_cleanup_push(routine, 0);
|                         pthread_cleanup_pop(0) /* ; */
|   ;
|   return 0;
| }
configure:4111: result: no
configure:4014: checking whether pthreads work with -kthread
configure:4102: gcc -o conftest -I/usr/include/libxml2  -O3 -DNDEBUG -kthread  -DRCSID=\"$(IDGIT)\" -lxml2  conftest.c   >&5
gcc: error: unrecognized command line option '-kthread'
configure:4102: $? = 1
configure: failed program was:
| /* confdefs.h */
| #define PACKAGE_NAME "netopeer-cli"
| #define PACKAGE_TARNAME "netopeer-cli"
| #define PACKAGE_VERSION "0.8.0"
| #define PACKAGE_STRING "netopeer-cli 0.8.0"
| #define PACKAGE_BUGREPORT ""
| #define PACKAGE_URL ""
| /* end confdefs.h.  */
| #include <pthread.h>
|                         static void routine(void *a) { a = 0; }
|                         static void *start_routine(void *a) { return a; }
| int
| main ()
| {
| pthread_t th; pthread_attr_t attr;
|                         pthread_create(&th, 0, start_routine, 0);
|                         pthread_join(th, 0);
|                         pthread_attr_init(&attr);
|                         pthread_cleanup_push(routine, 0);
|                         pthread_cleanup_pop(0) /* ; */
|   ;
|   return 0;
| }
configure:4111: result: no
configure:4064: checking for the pthreads library -llthread
configure:4102: gcc -o conftest -I/usr/include/libxml2  -O3 -DNDEBUG   -DRCSID=\"$(IDGIT)\" -lxml2  conftest.c -llthread  >&5
<command-line>:0:8: warning: missing terminating " character
/usr/bin/ld: cannot find -llthread
collect2: error: ld returned 1 exit status
configure:4102: $? = 1
configure: failed program was:
| /* confdefs.h */
| #define PACKAGE_NAME "netopeer-cli"
| #define PACKAGE_TARNAME "netopeer-cli"
| #define PACKAGE_VERSION "0.8.0"
| #define PACKAGE_STRING "netopeer-cli 0.8.0"
| #define PACKAGE_BUGREPORT ""
| #define PACKAGE_URL ""
| /* end confdefs.h.  */
| #include <pthread.h>
|                         static void routine(void *a) { a = 0; }
|                         static void *start_routine(void *a) { return a; }
| int
| main ()
| {
| pthread_t th; pthread_attr_t attr;
|                         pthread_create(&th, 0, start_routine, 0);
|                         pthread_join(th, 0);
|                         pthread_attr_init(&attr);
|                         pthread_cleanup_push(routine, 0);
|                         pthread_cleanup_pop(0) /* ; */
|   ;
|   return 0;
| }
configure:4111: result: no
configure:4014: checking whether pthreads work with -pthread
configure:4102: gcc -o conftest -I/usr/include/libxml2  -O3 -DNDEBUG -pthread  -DRCSID=\"$(IDGIT)\" -lxml2  conftest.c   >&5
<command-line>:0:8: warning: missing terminating " character
configure:4102: $? = 0
configure:4111: result: yes
configure:4130: checking for joinable pthread attribute
configure:4145: gcc -o conftest -I/usr/include/libxml2  -O3 -DNDEBUG -pthread  -DRCSID=\"$(IDGIT)\" -lxml2  conftest.c   >&5
<command-line>:0:8: warning: missing terminating " character
configure:4145: $? = 0
configure:4151: result: PTHREAD_CREATE_JOINABLE
configure:4161: checking if more special flags are required for pthreads
configure:4175: result: no
configure:4181: checking for PTHREAD_PRIO_INHERIT
configure:4199: gcc -o conftest -I/usr/include/libxml2  -O3 -DNDEBUG -pthread  -DRCSID=\"$(IDGIT)\" -lxml2  conftest.c   >&5
<command-line>:0:8: warning: missing terminating " character
configure:4199: $? = 0
configure:4208: result: yes
configure:4406: checking pkg-config is at least version 0.9.0
configure:4409: result: yes
configure:4428: checking for LIBNETCONF
configure:4435: $PKG_CONFIG --exists --print-errors "libnetconf"
configure:4438: $? = 0
configure:4452: $PKG_CONFIG --exists --print-errors "libnetconf"
configure:4455: $? = 0
configure:4513: result: yes
configure:4522: checking for library containing nc_callhome_listen
configure:4553: gcc -o conftest -I/usr/include/libxml2  -O3 -DNDEBUG -pthread  -DRCSID=\"$(IDGIT)\" -lxml2  conftest.c   >&5
<command-line>:0:8: warning: missing terminating " character
/tmp/cc2GNIEL.o: In function `main':
conftest.c:(.text.startup+0x7): undefined reference to `nc_callhome_listen'
collect2: error: ld returned 1 exit status
configure:4553: $? = 1
configure: failed program was:
| /* confdefs.h */
| #define PACKAGE_NAME "netopeer-cli"
| #define PACKAGE_TARNAME "netopeer-cli"
| #define PACKAGE_VERSION "0.8.0"
| #define PACKAGE_STRING "netopeer-cli 0.8.0"
| #define PACKAGE_BUGREPORT ""
| #define PACKAGE_URL ""
| #define HAVE_PTHREAD_PRIO_INHERIT 1
| /* end confdefs.h.  */
| 
| /* Override any GCC internal prototype to avoid an error.
|    Use char because int might match the return type of a GCC
|    builtin and then its argument prototype would still apply.  */
| #ifdef __cplusplus
| extern "C"
| #endif
| char nc_callhome_listen ();
| int
| main ()
| {
| return nc_callhome_listen ();
|   ;
|   return 0;
| }
configure:4553: gcc -o conftest -I/usr/include/libxml2  -O3 -DNDEBUG -pthread  -DRCSID=\"$(IDGIT)\" -lxml2  conftest.c -lnetconf    >&5
<command-line>:0:8: warning: missing terminating " character
configure:4553: $? = 0
configure:4570: result: -lnetconf
configure:4583: checking for library containing ncntf_dispatch_receive
configure:4614: gcc -o conftest -I/usr/include/libxml2  -O3 -DNDEBUG -pthread  -DRCSID=\"$(IDGIT)\" -lxml2  conftest.c -lnetconf   >&5
<command-line>:0:8: warning: missing terminating " character
configure:4614: $? = 0
configure:4631: result: none required
configure:4768: checking for library containing nc_init
configure:4799: gcc -o conftest -I/usr/include/libxml2  -O3 -DNDEBUG -pthread  -DRCSID=\"$(IDGIT)\" -lxml2  conftest.c -lnetconf   >&5
<command-line>:0:8: warning: missing terminating " character
configure:4799: $? = 0
configure:4816: result: none required
configure:4838: checking for readline in -lreadline
configure:4863: gcc -o conftest -I/usr/include/libxml2  -O3 -DNDEBUG -pthread  -DRCSID=\"$(IDGIT)\" -lxml2  conftest.c -lreadline  -lnetconf   >&5
<command-line>:0:8: warning: missing terminating " character
configure:4863: $? = 0
configure:4872: result: yes
configure:4886: checking for grep that handles long lines and -e
configure:4944: result: /bin/grep
configure:4949: checking for egrep
configure:5011: result: /bin/grep -E
configure:5016: checking for ANSI C header files
configure:5036: gcc -c -I/usr/include/libxml2  -O3 -DNDEBUG -pthread  -DRCSID=\"$(IDGIT)\" conftest.c >&5
<command-line>:0:8: warning: missing terminating " character
configure:5036: $? = 0
<command-line>:0:8: warning: missing terminating " character
<command-line>:0:8: warning: missing terminating " character
configure:5109: gcc -o conftest -I/usr/include/libxml2  -O3 -DNDEBUG -pthread  -DRCSID=\"$(IDGIT)\" -lxml2  conftest.c -lreadline -lnetconf   >&5
<command-line>:0:8: warning: missing terminating " character
configure:5109: $? = 0
configure:5109: ./conftest
configure:5109: $? = 0
configure:5120: result: yes
configure:5133: checking for sys/types.h
configure:5133: gcc -c -I/usr/include/libxml2  -O3 -DNDEBUG -pthread  -DRCSID=\"$(IDGIT)\" conftest.c >&5
<command-line>:0:8: warning: missing terminating " character
configure:5133: $? = 0
configure:5133: result: yes
configure:5133: checking for sys/stat.h
configure:5133: gcc -c -I/usr/include/libxml2  -O3 -DNDEBUG -pthread  -DRCSID=\"$(IDGIT)\" conftest.c >&5
<command-line>:0:8: warning: missing terminating " character
configure:5133: $? = 0
configure:5133: result: yes
configure:5133: checking for stdlib.h
configure:5133: gcc -c -I/usr/include/libxml2  -O3 -DNDEBUG -pthread  -DRCSID=\"$(IDGIT)\" conftest.c >&5
<command-line>:0:8: warning: missing terminating " character
configure:5133: $? = 0
configure:5133: result: yes
configure:5133: checking for string.h
configure:5133: gcc -c -I/usr/include/libxml2  -O3 -DNDEBUG -pthread  -DRCSID=\"$(IDGIT)\" conftest.c >&5
<command-line>:0:8: warning: missing terminating " character
configure:5133: $? = 0
configure:5133: result: yes
configure:5133: checking for memory.h
configure:5133: gcc -c -I/usr/include/libxml2  -O3 -DNDEBUG -pthread  -DRCSID=\"$(IDGIT)\" conftest.c >&5
<command-line>:0:8: warning: missing terminating " character
configure:5133: $? = 0
configure:5133: result: yes
configure:5133: checking for strings.h
configure:5133: gcc -c -I/usr/include/libxml2  -O3 -DNDEBUG -pthread  -DRCSID=\"$(IDGIT)\" conftest.c >&5
<command-line>:0:8: warning: missing terminating " character
configure:5133: $? = 0
configure:5133: result: yes
configure:5133: checking for inttypes.h
configure:5133: gcc -c -I/usr/include/libxml2  -O3 -DNDEBUG -pthread  -DRCSID=\"$(IDGIT)\" conftest.c >&5
<command-line>:0:8: warning: missing terminating " character
configure:5133: $? = 0
configure:5133: result: yes
configure:5133: checking for stdint.h
configure:5133: gcc -c -I/usr/include/libxml2  -O3 -DNDEBUG -pthread  -DRCSID=\"$(IDGIT)\" conftest.c >&5
<command-line>:0:8: warning: missing terminating " character
configure:5133: $? = 0
configure:5133: result: yes
configure:5133: checking for unistd.h
configure:5133: gcc -c -I/usr/include/libxml2  -O3 -DNDEBUG -pthread  -DRCSID=\"$(IDGIT)\" conftest.c >&5
<command-line>:0:8: warning: missing terminating " character
configure:5133: $? = 0
configure:5133: result: yes
configure:5148: checking readline/readline.h usability
configure:5148: gcc -c -I/usr/include/libxml2  -O3 -DNDEBUG -pthread  -DRCSID=\"$(IDGIT)\" conftest.c >&5
<command-line>:0:8: warning: missing terminating " character
configure:5148: $? = 0
configure:5148: result: yes
configure:5148: checking readline/readline.h presence
configure:5148: gcc -E  -DRCSID=\"$(IDGIT)\" conftest.c
<command-line>:0:8: warning: missing terminating " character
configure:5148: $? = 0
configure:5148: result: yes
configure:5148: checking for readline/readline.h
configure:5148: result: yes
configure:5148: checking readline/history.h usability
configure:5148: gcc -c -I/usr/include/libxml2  -O3 -DNDEBUG -pthread  -DRCSID=\"$(IDGIT)\" conftest.c >&5
<command-line>:0:8: warning: missing terminating " character
configure:5148: $? = 0
configure:5148: result: yes
configure:5148: checking readline/history.h presence
configure:5148: gcc -E  -DRCSID=\"$(IDGIT)\" conftest.c
<command-line>:0:8: warning: missing terminating " character
configure:5148: $? = 0
configure:5148: result: yes
configure:5148: checking for readline/history.h
configure:5148: result: yes
configure:5164: checking for xmlReadFile in -lxml2
configure:5189: gcc -o conftest -I/usr/include/libxml2  -O3 -DNDEBUG -pthread  -DRCSID=\"$(IDGIT)\" -lxml2  conftest.c -lxml2  -lreadline -lnetconf   >&5
<command-line>:0:8: warning: missing terminating " character
configure:5189: $? = 0
configure:5198: result: yes
configure:5213: checking libxml/tree.h usability
configure:5213: gcc -c -I/usr/include/libxml2  -O3 -DNDEBUG -pthread  -DRCSID=\"$(IDGIT)\" conftest.c >&5
<command-line>:0:8: warning: missing terminating " character
configure:5213: $? = 0
configure:5213: result: yes
configure:5213: checking libxml/tree.h presence
configure:5213: gcc -E  -DRCSID=\"$(IDGIT)\" conftest.c
<command-line>:0:8: warning: missing terminating " character
conftest.c:24:25: fatal error: libxml/tree.h: No such file or directory
compilation terminated.
configure:5213: $? = 1
configure: failed program was:
| /* confdefs.h */
| #define PACKAGE_NAME "netopeer-cli"
| #define PACKAGE_TARNAME "netopeer-cli"
| #define PACKAGE_VERSION "0.8.0"
| #define PACKAGE_STRING "netopeer-cli 0.8.0"
| #define PACKAGE_BUGREPORT ""
| #define PACKAGE_URL ""
| #define HAVE_PTHREAD_PRIO_INHERIT 1
| #define HAVE_LIBREADLINE 1
| #define STDC_HEADERS 1
| #define HAVE_SYS_TYPES_H 1
| #define HAVE_SYS_STAT_H 1
| #define HAVE_STDLIB_H 1
| #define HAVE_STRING_H 1
| #define HAVE_MEMORY_H 1
| #define HAVE_STRINGS_H 1
| #define HAVE_INTTYPES_H 1
| #define HAVE_STDINT_H 1
| #define HAVE_UNISTD_H 1
| #define HAVE_READLINE_READLINE_H 1
| #define HAVE_READLINE_HISTORY_H 1
| #define HAVE_LIBXML2 1
| /* end confdefs.h.  */
| #include <libxml/tree.h>
configure:5213: result: no
configure:5213: WARNING: libxml/tree.h: accepted by the compiler, rejected by the preprocessor!
configure:5213: WARNING: libxml/tree.h: proceeding with the compiler's result
configure:5213: checking for libxml/tree.h
configure:5213: result: yes
configure:5232: checking fcntl.h usability
configure:5232: gcc -c -I/usr/include/libxml2  -O3 -DNDEBUG -pthread  -DRCSID=\"$(IDGIT)\" conftest.c >&5
<command-line>:0:8: warning: missing terminating " character
configure:5232: $? = 0
configure:5232: result: yes
configure:5232: checking fcntl.h presence
configure:5232: gcc -E  -DRCSID=\"$(IDGIT)\" conftest.c
<command-line>:0:8: warning: missing terminating " character
configure:5232: $? = 0
configure:5232: result: yes
configure:5232: checking for fcntl.h
configure:5232: result: yes
configure:5232: checking for stdlib.h
configure:5232: result: yes
configure:5232: checking for string.h
configure:5232: result: yes
configure:5232: checking for unistd.h
configure:5232: result: yes
configure:5250: checking for stdlib.h
configure:5250: result: yes
configure:5260: checking for GNU libc compatible malloc
configure:5284: gcc -o conftest -I/usr/include/libxml2  -O3 -DNDEBUG -pthread  -DRCSID=\"$(IDGIT)\" -lxml2  conftest.c -lxml2 -lreadline -lnetconf   >&5
<command-line>:0:8: warning: missing terminating " character
configure:5284: $? = 0
configure:5284: ./conftest
configure:5284: $? = 0
configure:5294: result: yes
configure:5321: checking for stdlib.h
configure:5321: result: yes
configure:5321: checking for unistd.h
configure:5321: result: yes
configure:5321: checking for sys/param.h
configure:5321: gcc -c -I/usr/include/libxml2  -O3 -DNDEBUG -pthread  -DRCSID=\"$(IDGIT)\" conftest.c >&5
<command-line>:0:8: warning: missing terminating " character
configure:5321: $? = 0
configure:5321: result: yes
configure:5341: checking for getpagesize
configure:5341: gcc -o conftest -I/usr/include/libxml2  -O3 -DNDEBUG -pthread  -DRCSID=\"$(IDGIT)\" -lxml2  conftest.c -lxml2 -lreadline -lnetconf   >&5
<command-line>:0:8: warning: missing terminating " character
configure:5341: $? = 0
configure:5341: result: yes
configure:5350: checking for working mmap
configure:5497: gcc -o conftest -I/usr/include/libxml2  -O3 -DNDEBUG -pthread  -DRCSID=\"$(IDGIT)\" -lxml2  conftest.c -lxml2 -lreadline -lnetconf   >&5
<command-line>:0:8: warning: missing terminating " character
configure:5497: $? = 0
configure:5497: ./conftest
configure:5497: $? = 0
configure:5507: result: yes
configure:5518: checking for stdlib.h
configure:5518: result: yes
configure:5528: checking for GNU libc compatible realloc
configure:5552: gcc -o conftest -I/usr/include/libxml2  -O3 -DNDEBUG -pthread  -DRCSID=\"$(IDGIT)\" -lxml2  conftest.c -lxml2 -lreadline -lnetconf   >&5
<command-line>:0:8: warning: missing terminating " character
configure:5552: $? = 0
configure:5552: ./conftest
configure:5552: $? = 0
configure:5562: result: yes
configure:5586: checking for mkdir
configure:5586: gcc -o conftest -I/usr/include/libxml2  -O3 -DNDEBUG -pthread  -DRCSID=\"$(IDGIT)\" -lxml2  conftest.c -lxml2 -lreadline -lnetconf   >&5
<command-line>:0:8: warning: missing terminating " character
configure:5586: $? = 0
configure:5586: result: yes
configure:5586: checking for munmap
configure:5586: gcc -o conftest -I/usr/include/libxml2  -O3 -DNDEBUG -pthread  -DRCSID=\"$(IDGIT)\" -lxml2  conftest.c -lxml2 -lreadline -lnetconf   >&5
<command-line>:0:8: warning: missing terminating " character
configure:5586: $? = 0
configure:5586: result: yes
configure:5586: checking for strdup
configure:5586: gcc -o conftest -I/usr/include/libxml2  -O3 -DNDEBUG -pthread  -DRCSID=\"$(IDGIT)\" -lxml2  conftest.c -lxml2 -lreadline -lnetconf   >&5
<command-line>:0:8: warning: missing terminating " character
conftest.c:63:6: warning: conflicting types for built-in function 'strdup'
 char strdup ();
      ^
configure:5586: $? = 0
configure:5586: result: yes
configure:5586: checking for strerror
configure:5586: gcc -o conftest -I/usr/include/libxml2  -O3 -DNDEBUG -pthread  -DRCSID=\"$(IDGIT)\" -lxml2  conftest.c -lxml2 -lreadline -lnetconf   >&5
<command-line>:0:8: warning: missing terminating " character
configure:5586: $? = 0
configure:5586: result: yes
configure:5586: checking for strndup
configure:5586: gcc -o conftest -I/usr/include/libxml2  -O3 -DNDEBUG -pthread  -DRCSID=\"$(IDGIT)\" -lxml2  conftest.c -lxml2 -lreadline -lnetconf   >&5
<command-line>:0:8: warning: missing terminating " character
conftest.c:65:6: warning: conflicting types for built-in function 'strndup'
 char strndup ();
      ^
configure:5586: $? = 0
configure:5586: result: yes
configure:5586: checking for strpbrk
configure:5586: gcc -o conftest -I/usr/include/libxml2  -O3 -DNDEBUG -pthread  -DRCSID=\"$(IDGIT)\" -lxml2  conftest.c -lxml2 -lreadline -lnetconf   >&5
<command-line>:0:8: warning: missing terminating " character
conftest.c:66:6: warning: conflicting types for built-in function 'strpbrk'
 char strpbrk ();
      ^
configure:5586: $? = 0
configure:5586: result: yes
configure:5586: checking for strtol
configure:5586: gcc -o conftest -I/usr/include/libxml2  -O3 -DNDEBUG -pthread  -DRCSID=\"$(IDGIT)\" -lxml2  conftest.c -lxml2 -lreadline -lnetconf   >&5
<command-line>:0:8: warning: missing terminating " character
configure:5586: $? = 0
configure:5586: result: yes
configure:5761: creating ./config.status

## ---------------------- ##
## Running config.status. ##
## ---------------------- ##

This file was extended by netopeer-cli config.status 0.8.0, which was
generated by GNU Autoconf 2.69.  Invocation command line was

  CONFIG_FILES    = 
  CONFIG_HEADERS  = 
  CONFIG_LINKS    = 
  CONFIG_COMMANDS = 
  $ ./config.status 

on user

config.status:760: creating Makefile
config.status:760: creating netopeer-cli.spec

## ---------------- ##
## Cache variables. ##
## ---------------- ##

ac_cv_build=x86_64-unknown-linux-gnu
ac_cv_c_compiler_gnu=yes
ac_cv_env_CC_set=
ac_cv_env_CC_value=
ac_cv_env_CFLAGS_set=
ac_cv_env_CFLAGS_value=
ac_cv_env_CPPFLAGS_set=
ac_cv_env_CPPFLAGS_value=
ac_cv_env_CPP_set=
ac_cv_env_CPP_value=
ac_cv_env_LDFLAGS_set=
ac_cv_env_LDFLAGS_value=
ac_cv_env_LIBNETCONF_CFLAGS_set=
ac_cv_env_LIBNETCONF_CFLAGS_value=
ac_cv_env_LIBNETCONF_LIBS_set=
ac_cv_env_LIBNETCONF_LIBS_value=
ac_cv_env_LIBS_set=
ac_cv_env_LIBS_value=
ac_cv_env_PKG_CONFIG_LIBDIR_set=
ac_cv_env_PKG_CONFIG_LIBDIR_value=
ac_cv_env_PKG_CONFIG_PATH_set=
ac_cv_env_PKG_CONFIG_PATH_value=
ac_cv_env_PKG_CONFIG_set=
ac_cv_env_PKG_CONFIG_value=
ac_cv_env_build_alias_set=
ac_cv_env_build_alias_value=
ac_cv_env_host_alias_set=
ac_cv_env_host_alias_value=
ac_cv_env_target_alias_set=
ac_cv_env_target_alias_value=
ac_cv_func_getpagesize=yes
ac_cv_func_malloc_0_nonnull=yes
ac_cv_func_mkdir=yes
ac_cv_func_mmap_fixed_mapped=yes
ac_cv_func_munmap=yes
ac_cv_func_realloc_0_nonnull=yes
ac_cv_func_strdup=yes
ac_cv_func_strerror=yes
ac_cv_func_strndup=yes
ac_cv_func_strpbrk=yes
ac_cv_func_strtol=yes
ac_cv_header_fcntl_h=yes
ac_cv_header_inttypes_h=yes
ac_cv_header_libxml_tree_h=yes
ac_cv_header_memory_h=yes
ac_cv_header_readline_history_h=yes
ac_cv_header_readline_readline_h=yes
ac_cv_header_stdc=yes
ac_cv_header_stdint_h=yes
ac_cv_header_stdlib_h=yes
ac_cv_header_string_h=yes
ac_cv_header_strings_h=yes
ac_cv_header_sys_param_h=yes
ac_cv_header_sys_stat_h=yes
ac_cv_header_sys_types_h=yes
ac_cv_header_unistd_h=yes
ac_cv_host=x86_64-unknown-linux-gnu
ac_cv_lib_readline_readline=yes
ac_cv_lib_xml2_xmlReadFile=yes
ac_cv_objext=o
ac_cv_path_EGREP='/bin/grep -E'
ac_cv_path_GREP=/bin/grep
ac_cv_path_PKG_CONFIG=/usr/bin/pkg-config
ac_cv_path_ROFF2HTML=no
ac_cv_path_install='/usr/bin/install -c'
ac_cv_prog_CPP='gcc -E'
ac_cv_prog_READLINK=readlink
ac_cv_prog_RPMBUILD=rpmbuild
ac_cv_prog_XML2_CONFIG=yes
ac_cv_prog_ac_ct_CC=gcc
ac_cv_prog_cc_c89=
ac_cv_prog_cc_g=yes
ac_cv_search_nc_callhome_listen=-lnetconf
ac_cv_search_nc_init='none required'
ac_cv_search_ncntf_dispatch_receive='none required'
ax_cv_PTHREAD_PRIO_INHERIT=yes
pkg_cv_LIBNETCONF_CFLAGS=-I/usr/local/include
pkg_cv_LIBNETCONF_LIBS='-L/usr/local/lib -lnetconf'

## ----------------- ##
## Output variables. ##
## ----------------- ##

BUILDREQS=' libnetconf-devel readline-devel'
CC='gcc'
CFLAGS='-I/usr/include/libxml2  -O3 -DNDEBUG -pthread'
CONFIGURE_PARAMS=''
CPP='gcc -E'
CPPFLAGS=' -DRCSID=\"$(IDGIT)\"'
C_REHASH=''
DEFS='-DPACKAGE_NAME=\"netopeer-cli\" -DPACKAGE_TARNAME=\"netopeer-cli\" -DPACKAGE_VERSION=\"0.8.0\" -DPACKAGE_STRING=\"netopeer-cli\ 0.8.0\" -DPACKAGE_BUGREPORT=\"\" -DPACKAGE_URL=\"\" -DHAVE_PTHREAD_PRIO_INHERIT=1 -DHAVE_LIBREADLINE=1 -DSTDC_HEADERS=1 -DHAVE_SYS_TYPES_H=1 -DHAVE_SYS_STAT_H=1 -DHAVE_STDLIB_H=1 -DHAVE_STRING_H=1 -DHAVE_MEMORY_H=1 -DHAVE_STRINGS_H=1 -DHAVE_INTTYPES_H=1 -DHAVE_STDINT_H=1 -DHAVE_UNISTD_H=1 -DHAVE_READLINE_READLINE_H=1 -DHAVE_READLINE_HISTORY_H=1 -DHAVE_LIBXML2=1 -DHAVE_LIBXML_TREE_H=1 -DHAVE_FCNTL_H=1 -DHAVE_STDLIB_H=1 -DHAVE_STRING_H=1 -DHAVE_UNISTD_H=1 -DHAVE_STDLIB_H=1 -DHAVE_MALLOC=1 -DHAVE_STDLIB_H=1 -DHAVE_UNISTD_H=1 -DHAVE_SYS_PARAM_H=1 -DHAVE_GETPAGESIZE=1 -DHAVE_MMAP=1 -DHAVE_STDLIB_H=1 -DHAVE_REALLOC=1 -DHAVE_MKDIR=1 -DHAVE_MUNMAP=1 -DHAVE_STRDUP=1 -DHAVE_STRERROR=1 -DHAVE_STRNDUP=1 -DHAVE_STRPBRK=1 -DHAVE_STRTOL=1'
ECHO_C=''
ECHO_N='-n'
ECHO_T=''
EGREP='/bin/grep -E'
EXEEXT=''
GREP='/bin/grep'
INSTALL_DATA='${INSTALL} -m 644'
INSTALL_PROGRAM='${INSTALL}'
INSTALL_SCRIPT='${INSTALL}'
LDFLAGS='-lxml2 '
LIBNETCONF_CFLAGS='-I/usr/local/include'
LIBNETCONF_LIBS='-L/usr/local/lib -lnetconf'
LIBOBJS=''
LIBS='-lxml2 -lreadline -lnetconf  '
LTLIBOBJS=''
OBJEXT='o'
PACKAGE_BUGREPORT=''
PACKAGE_NAME='netopeer-cli'
PACKAGE_STRING='netopeer-cli 0.8.0'
PACKAGE_TARNAME='netopeer-cli'
PACKAGE_URL=''
PACKAGE_VERSION='0.8.0'
PATH_SEPARATOR=':'
PKG_CONFIG='/usr/bin/pkg-config'
PKG_CONFIG_LIBDIR=''
PKG_CONFIG_PATH='/usr/local/lib/pkgconfig:'
PTHREAD_CC='gcc'
PTHREAD_CFLAGS='-pthread'
PTHREAD_LIBS=''
READLINK='readlink'
RELEASE='1'
REQS=' libnetconf readline'
ROFF2HTML='no'
RPMBUILD='rpmbuild'
SHELL='/bin/bash'
UNAME=''
USERMAIL='rkadam202@gmail.com'
USERNAME='Rohan-Kadam'
XML2_CONFIG='yes'
ac_ct_CC='gcc'
ax_pthread_config=''
bindir='${exec_prefix}/bin'
build='x86_64-unknown-linux-gnu'
build_alias=''
build_cpu='x86_64'
build_os='linux-gnu'
build_vendor='unknown'
datadir='${datarootdir}'
datarootdir='${prefix}/share'
docdir='${datarootdir}/doc/${PACKAGE_TARNAME}'
dvidir='${docdir}'
exec_prefix='${prefix}'
host='x86_64-unknown-linux-gnu'
host_alias=''
host_cpu='x86_64'
host_os='linux-gnu'
host_vendor='unknown'
htmldir='${docdir}'
includedir='${prefix}/include'
infodir='${datarootdir}/info'
libdir='${exec_prefix}/lib'
libexecdir='${exec_prefix}/libexec'
localedir='${datarootdir}/locale'
localstatedir='${prefix}/var'
mandir='${datarootdir}/man'
oldincludedir='/usr/include'
pdfdir='${docdir}'
prefix='/usr/local'
program_transform_name='s,x,x,'
psdir='${docdir}'
sbindir='${exec_prefix}/sbin'
sharedstatedir='${prefix}/com'
sysconfdir='${prefix}/etc'
target_alias=''

## ----------- ##
## confdefs.h. ##
## ----------- ##

/* confdefs.h */
#define PACKAGE_NAME "netopeer-cli"
#define PACKAGE_TARNAME "netopeer-cli"
#define PACKAGE_VERSION "0.8.0"
#define PACKAGE_STRING "netopeer-cli 0.8.0"
#define PACKAGE_BUGREPORT ""
#define PACKAGE_URL ""
#define HAVE_PTHREAD_PRIO_INHERIT 1
#define HAVE_LIBREADLINE 1
#define STDC_HEADERS 1
#define HAVE_SYS_TYPES_H 1
#define HAVE_SYS_STAT_H 1
#define HAVE_STDLIB_H 1
#define HAVE_STRING_H 1
#define HAVE_MEMORY_H 1
#define HAVE_STRINGS_H 1
#define HAVE_INTTYPES_H 1
#define HAVE_STDINT_H 1
#define HAVE_UNISTD_H 1
#define HAVE_READLINE_READLINE_H 1
#define HAVE_READLINE_HISTORY_H 1
#define HAVE_LIBXML2 1
#define HAVE_LIBXML_TREE_H 1
#define HAVE_FCNTL_H 1
#define HAVE_STDLIB_H 1
#define HAVE_STRING_H 1
#define HAVE_UNISTD_H 1
#define HAVE_STDLIB_H 1
#define HAVE_MALLOC 1
#define HAVE_STDLIB_H 1
#define HAVE_UNISTD_H 1
#define HAVE_SYS_PARAM_H 1
#define HAVE_GETPAGESIZE 1
#define HAVE_MMAP 1
#define HAVE_STDLIB_H 1
#define HAVE_REALLOC 1
#define HAVE_MKDIR 1
#define HAVE_MUNMAP 1
#define HAVE_STRDUP 1
#define HAVE_STRERROR 1
#define HAVE_STRNDUP 1
#define HAVE_STRPBRK 1
#define HAVE_STRTOL 1

configure: exit 0
