This file contains any messages produced by compilers while
running configure, to aid debugging if configure makes a mistake.

It was created by netopeer-server configure 0.8.0, which was
generated by GNU Autoconf 2.69.  Invocation command line was

  $ ./configure 

## --------- ##
## Platform. ##
## --------- ##

hostname = user
uname -m = x86_64
uname -r = 4.4.0-96-generic
uname -s = Linux
uname -v = #119-Ubuntu SMP Tue Sep 12 14:59:54 UTC 2017

/usr/bin/uname -p = unknown
/bin/uname -X     = unknown

/bin/arch              = unknown
/usr/bin/arch -k       = unknown
/usr/convex/getsysinfo = unknown
/usr/bin/hostinfo      = unknown
/bin/machine           = unknown
/usr/bin/oslevel       = unknown
/bin/universe          = unknown

PATH: /usr/local/sbin
PATH: /usr/local/bin
PATH: /usr/sbin
PATH: /usr/bin
PATH: /sbin
PATH: /bin
PATH: /usr/games
PATH: /usr/local/games
PATH: /snap/bin


## ----------- ##
## Core tests. ##
## ----------- ##

configure:2478: checking for pkg-config
configure:2496: found /usr/bin/pkg-config
configure:2509: result: /usr/bin/pkg-config
configure:2524: checking for roff2html
configure:2555: result: no
configure:2592: checking for distro
configure:2594: result: ubuntu
configure:2607: WARNING: Unsupported Linux distro "ubuntu", only RHEL and SUSE are fully supported.
configure:2791: checking pkg-config is at least version 0.9.0
configure:2794: result: yes
configure:2815: checking for LIBNETCONF
configure:2822: $PKG_CONFIG --exists --print-errors "libnetconf"
configure:2825: $? = 0
configure:2839: $PKG_CONFIG --exists --print-errors "libnetconf"
configure:2842: $? = 0
configure:2900: result: yes
configure:2937: checking for uname
configure:2953: found /bin/uname
configure:2965: result: yes
configure:2978: checking for host architecture
configure:2987: result: x86_64
configure:3007: checking for lnctool
configure:3023: found /usr/local/bin/lnctool
configure:3035: result: yes
configure:3055: checking python module: os
configure:3060: result: yes
configure:3081: checking python module: copy
configure:3086: result: yes
configure:3107: checking python module: curses
configure:3112: result: yes
configure:3133: checking python module: libxml2
configure:3138: result: yes
configure:3159: checking python module: subprocess
configure:3164: result: yes
configure:3185: checking python module: re
configure:3190: result: yes
configure:3211: checking python module: string
configure:3216: result: yes
configure:3237: checking python module: argparse
configure:3242: result: yes
configure:3263: checking python module: xml
configure:3268: result: yes
configure:3289: checking for rpmbuild
configure:3305: found /usr/bin/rpmbuild
configure:3316: result: rpmbuild
configure:3380: checking for clang
configure:3410: result: no
configure:3380: checking for llvm-gcc
configure:3410: result: no
configure:3380: checking for gcc
configure:3396: found /usr/bin/gcc
configure:3407: result: gcc
configure:3438: checking for C compiler version
configure:3447: gcc --version >&5
gcc (Ubuntu 5.4.0-6ubuntu1~16.04.10) 5.4.0 20160609
Copyright (C) 2015 Free Software Foundation, Inc.
This is free software; see the source for copying conditions.  There is NO
warranty; not even for MERCHANTABILITY or FITNESS FOR A PARTICULAR PURPOSE.

configure:3458: $? = 0
configure:3447: gcc -v >&5
Using built-in specs.
COLLECT_GCC=gcc
COLLECT_LTO_WRAPPER=/usr/lib/gcc/x86_64-linux-gnu/5/lto-wrapper
Target: x86_64-linux-gnu
Configured with: ../src/configure -v --with-pkgversion='Ubuntu 5.4.0-6ubuntu1~16.04.10' --with-bugurl=file:///usr/share/doc/gcc-5/README.Bugs --enable-languages=c,ada,c++,java,go,d,fortran,objc,obj-c++ --prefix=/usr --program-suffix=-5 --enable-shared --enable-linker-build-id --libexecdir=/usr/lib --without-included-gettext --enable-threads=posix --libdir=/usr/lib --enable-nls --with-sysroot=/ --enable-clocale=gnu --enable-libstdcxx-debug --enable-libstdcxx-time=yes --with-default-libstdcxx-abi=new --enable-gnu-unique-object --disable-vtable-verify --enable-libmpx --enable-plugin --with-system-zlib --disable-browser-plugin --enable-java-awt=gtk --enable-gtk-cairo --with-java-home=/usr/lib/jvm/java-1.5.0-gcj-5-amd64/jre --enable-java-home --with-jvm-root-dir=/usr/lib/jvm/java-1.5.0-gcj-5-amd64 --with-jvm-jar-dir=/usr/lib/jvm-exports/java-1.5.0-gcj-5-amd64 --with-arch-directory=amd64 --with-ecj-jar=/usr/share/java/eclipse-ecj.jar --enable-objc-gc --enable-multiarch --disable-werror --with-arch-32=i686 --with-abi=m64 --with-multilib-list=m32,m64,mx32 --enable-multilib --with-tune=generic --enable-checking=release --build=x86_64-linux-gnu --host=x86_64-linux-gnu --target=x86_64-linux-gnu
Thread model: posix
gcc version 5.4.0 20160609 (Ubuntu 5.4.0-6ubuntu1~16.04.10) 
configure:3458: $? = 0
configure:3447: gcc -V >&5
gcc: error: unrecognized command line option '-V'
gcc: fatal error: no input files
compilation terminated.
configure:3458: $? = 1
configure:3447: gcc -qversion >&5
gcc: error: unrecognized command line option '-qversion'
gcc: fatal error: no input files
compilation terminated.
configure:3458: $? = 1
configure:3478: checking whether the C compiler works
configure:3500: gcc -Wall -Wextra -O3 -I/usr/local/include  -DRCSID=\"$(IDGIT)\"  conftest.c -L/usr/local/lib -lnetconf  >&5
<command-line>:0:8: warning: missing terminating " character
configure:3504: $? = 0
configure:3552: result: yes
configure:3555: checking for C compiler default output file name
configure:3557: result: a.out
configure:3563: checking for suffix of executables
configure:3570: gcc -o conftest -Wall -Wextra -O3 -I/usr/local/include  -DRCSID=\"$(IDGIT)\"  conftest.c -L/usr/local/lib -lnetconf  >&5
<command-line>:0:8: warning: missing terminating " character
configure:3574: $? = 0
configure:3596: result: 
configure:3618: checking whether we are cross compiling
configure:3626: gcc -o conftest -Wall -Wextra -O3 -I/usr/local/include  -DRCSID=\"$(IDGIT)\"  conftest.c -L/usr/local/lib -lnetconf  >&5
<command-line>:0:8: warning: missing terminating " character
configure:3630: $? = 0
configure:3637: ./conftest
configure:3641: $? = 0
configure:3656: result: no
configure:3661: checking for suffix of object files
configure:3683: gcc -c -Wall -Wextra -O3 -I/usr/local/include  -DRCSID=\"$(IDGIT)\" conftest.c >&5
<command-line>:0:8: warning: missing terminating " character
configure:3687: $? = 0
configure:3708: result: o
configure:3712: checking whether we are using the GNU C compiler
configure:3731: gcc -c -Wall -Wextra -O3 -I/usr/local/include  -DRCSID=\"$(IDGIT)\" conftest.c >&5
<command-line>:0:8: warning: missing terminating " character
configure:3731: $? = 0
configure:3740: result: yes
configure:3749: checking whether gcc accepts -g
configure:3769: gcc -c -g -I/usr/local/include  -DRCSID=\"$(IDGIT)\" conftest.c >&5
<command-line>:0:8: warning: missing terminating " character
configure:3769: $? = 0
configure: failed program was:
| /* confdefs.h */
| #define PACKAGE_NAME "netopeer-server"
| #define PACKAGE_TARNAME "netopeer-server"
| #define PACKAGE_VERSION "0.8.0"
| #define PACKAGE_STRING "netopeer-server 0.8.0"
| #define PACKAGE_BUGREPORT ""
| #define PACKAGE_URL ""
| /* end confdefs.h.  */
| 
| int
| main ()
| {
| 
|   ;
|   return 0;
| }
configure:3784: gcc -c  -I/usr/local/include  -DRCSID=\"$(IDGIT)\" conftest.c >&5
<command-line>:0:8: warning: missing terminating " character
configure:3784: $? = 0
configure: failed program was:
| /* confdefs.h */
| #define PACKAGE_NAME "netopeer-server"
| #define PACKAGE_TARNAME "netopeer-server"
| #define PACKAGE_VERSION "0.8.0"
| #define PACKAGE_STRING "netopeer-server 0.8.0"
| #define PACKAGE_BUGREPORT ""
| #define PACKAGE_URL ""
| /* end confdefs.h.  */
| 
| int
| main ()
| {
| 
|   ;
|   return 0;
| }
configure:3800: gcc -c -g -I/usr/local/include  -DRCSID=\"$(IDGIT)\" conftest.c >&5
<command-line>:0:8: warning: missing terminating " character
configure:3800: $? = 0
configure:3810: result: yes
configure:3827: checking for gcc option to accept ISO C89
configure:3890: gcc  -c -Wall -Wextra -O3 -I/usr/local/include  -DRCSID=\"$(IDGIT)\" conftest.c >&5
<command-line>:0:8: warning: missing terminating " character
configure:3890: $? = 0
configure:3903: result: none needed
configure:3966: checking for a BSD-compatible install
configure:4034: result: /usr/bin/install -c
configure:4056: checking for main in -lxml2
configure:4075: gcc -o conftest -Wall -Wextra -O3 -I/usr/local/include  -DRCSID=\"$(IDGIT)\"  conftest.c -lxml2  -L/usr/local/lib -lnetconf  >&5
<command-line>:0:8: warning: missing terminating " character
configure:4075: $? = 0
configure:4084: result: yes
configure:4095: checking for xml2-config
configure:4111: found /usr/bin/xml2-config
configure:4123: result: yes
configure:4142: checking for library containing ncntf_dispatch_receive
configure:4173: gcc -o conftest -Wall -Wextra -O3 -I/usr/local/include  -DRCSID=\"$(IDGIT)\" -I/usr/include/libxml2   conftest.c -L/usr/local/lib -lnetconf  -lxml2 >&5
<command-line>:0:8: warning: missing terminating " character
configure:4173: $? = 0
configure:4190: result: none required
configure:4202: checking for nc_session_accept_libssh_channel in -lnetconf
configure:4227: gcc -o conftest -Wall -Wextra -O3 -I/usr/local/include  -DRCSID=\"$(IDGIT)\" -I/usr/include/libxml2   conftest.c -lnetconf  -L/usr/local/lib -lnetconf  -lxml2 >&5
<command-line>:0:8: warning: missing terminating " character
configure:4227: $? = 0
configure:4236: result: yes
configure:4258: checking for library containing ssh_pki_key_ecdsa_name
configure:4289: gcc -o conftest -Wall -Wextra -O3 -I/usr/local/include  -DRCSID=\"$(IDGIT)\" -I/usr/include/libxml2   conftest.c -lnetconf -L/usr/local/lib -lnetconf  -lxml2 >&5
<command-line>:0:8: warning: missing terminating " character
/tmp/ccWrIXsE.o: In function `main':
conftest.c:(.text.startup+0x7): undefined reference to `ssh_pki_key_ecdsa_name'
collect2: error: ld returned 1 exit status
configure:4289: $? = 1
configure: failed program was:
| /* confdefs.h */
| #define PACKAGE_NAME "netopeer-server"
| #define PACKAGE_TARNAME "netopeer-server"
| #define PACKAGE_VERSION "0.8.0"
| #define PACKAGE_STRING "netopeer-server 0.8.0"
| #define PACKAGE_BUGREPORT ""
| #define PACKAGE_URL ""
| #define HAVE_LIBNETCONF 1
| /* end confdefs.h.  */
| 
| /* Override any GCC internal prototype to avoid an error.
|    Use char because int might match the return type of a GCC
|    builtin and then its argument prototype would still apply.  */
| #ifdef __cplusplus
| extern "C"
| #endif
| char ssh_pki_key_ecdsa_name ();
| int
| main ()
| {
| return ssh_pki_key_ecdsa_name ();
|   ;
|   return 0;
| }
configure:4289: gcc -o conftest -Wall -Wextra -O3 -I/usr/local/include  -DRCSID=\"$(IDGIT)\" -I/usr/include/libxml2   conftest.c -lssh  -lnetconf -L/usr/local/lib -lnetconf  -lxml2 >&5
<command-line>:0:8: warning: missing terminating " character
configure:4289: $? = 0
configure:4306: result: -lssh
configure:4318: checking for library containing crypt
configure:4349: gcc -o conftest -Wall -Wextra -O3 -I/usr/local/include  -DRCSID=\"$(IDGIT)\" -I/usr/include/libxml2   conftest.c -lssh -lnetconf -L/usr/local/lib -lnetconf  -lxml2 >&5
<command-line>:0:8: warning: missing terminating " character
/tmp/cclWviAz.o: In function `main':
conftest.c:(.text.startup+0x7): undefined reference to `crypt'
collect2: error: ld returned 1 exit status
configure:4349: $? = 1
configure: failed program was:
| /* confdefs.h */
| #define PACKAGE_NAME "netopeer-server"
| #define PACKAGE_TARNAME "netopeer-server"
| #define PACKAGE_VERSION "0.8.0"
| #define PACKAGE_STRING "netopeer-server 0.8.0"
| #define PACKAGE_BUGREPORT ""
| #define PACKAGE_URL ""
| #define HAVE_LIBNETCONF 1
| /* end confdefs.h.  */
| 
| /* Override any GCC internal prototype to avoid an error.
|    Use char because int might match the return type of a GCC
|    builtin and then its argument prototype would still apply.  */
| #ifdef __cplusplus
| extern "C"
| #endif
| char crypt ();
| int
| main ()
| {
| return crypt ();
|   ;
|   return 0;
| }
configure:4349: gcc -o conftest -Wall -Wextra -O3 -I/usr/local/include  -DRCSID=\"$(IDGIT)\" -I/usr/include/libxml2   conftest.c -lcrypt  -lssh -lnetconf -L/usr/local/lib -lnetconf  -lxml2 >&5
<command-line>:0:8: warning: missing terminating " character
configure:4349: $? = 0
configure:4366: result: -lcrypt
configure:4588: checking build system type
configure:4602: result: x86_64-unknown-linux-gnu
configure:4622: checking host system type
configure:4635: result: x86_64-unknown-linux-gnu
configure:4823: checking for the pthreads library -lpthreads
configure:4861: gcc -o conftest -Wall -Wextra -O3  -I/usr/local/include  -DRCSID=\"$(IDGIT)\" -I/usr/include/libxml2   conftest.c -lpthreads -lcrypt -lssh -lnetconf -L/usr/local/lib -lnetconf  -lxml2 >&5
<command-line>:0:8: warning: missing terminating " character
conftest.c: In function 'routine':
conftest.c:11:51: warning: parameter 'a' set but not used [-Wunused-but-set-parameter]
                         static void routine(void *a) { a = 0; }
                                                   ^
/usr/bin/ld: cannot find -lpthreads
collect2: error: ld returned 1 exit status
configure:4861: $? = 1
configure: failed program was:
| /* confdefs.h */
| #define PACKAGE_NAME "netopeer-server"
| #define PACKAGE_TARNAME "netopeer-server"
| #define PACKAGE_VERSION "0.8.0"
| #define PACKAGE_STRING "netopeer-server 0.8.0"
| #define PACKAGE_BUGREPORT ""
| #define PACKAGE_URL ""
| #define HAVE_LIBNETCONF 1
| /* end confdefs.h.  */
| #include <pthread.h>
|                         static void routine(void *a) { a = 0; }
|                         static void *start_routine(void *a) { return a; }
| int
| main ()
| {
| pthread_t th; pthread_attr_t attr;
|                         pthread_create(&th, 0, start_routine, 0);
|                         pthread_join(th, 0);
|                         pthread_attr_init(&attr);
|                         pthread_cleanup_push(routine, 0);
|                         pthread_cleanup_pop(0) /* ; */
|   ;
|   return 0;
| }
configure:4870: result: no
configure:4768: checking whether pthreads work without any flags
configure:4861: gcc -o conftest -Wall -Wextra -O3  -I/usr/local/include  -DRCSID=\"$(IDGIT)\" -I/usr/include/libxml2   conftest.c  -lcrypt -lssh -lnetconf -L/usr/local/lib -lnetconf  -lxml2 >&5
<command-line>:0:8: warning: missing terminating " character
conftest.c: In function 'routine':
conftest.c:11:51: warning: parameter 'a' set but not used [-Wunused-but-set-parameter]
                         static void routine(void *a) { a = 0; }
                                                   ^
/tmp/cctFoQYM.o: In function `main':
conftest.c:(.text.startup+0x29): undefined reference to `pthread_create'
conftest.c:(.text.startup+0x35): undefined reference to `pthread_join'
conftest.c:(.text.startup+0x59): undefined reference to `__pthread_register_cancel'
conftest.c:(.text.startup+0x63): undefined reference to `__pthread_unregister_cancel'
collect2: error: ld returned 1 exit status
configure:4861: $? = 1
configure: failed program was:
| /* confdefs.h */
| #define PACKAGE_NAME "netopeer-server"
| #define PACKAGE_TARNAME "netopeer-server"
| #define PACKAGE_VERSION "0.8.0"
| #define PACKAGE_STRING "netopeer-server 0.8.0"
| #define PACKAGE_BUGREPORT ""
| #define PACKAGE_URL ""
| #define HAVE_LIBNETCONF 1
| /* end confdefs.h.  */
| #include <pthread.h>
|                         static void routine(void *a) { a = 0; }
|                         static void *start_routine(void *a) { return a; }
| int
| main ()
| {
| pthread_t th; pthread_attr_t attr;
|                         pthread_create(&th, 0, start_routine, 0);
|                         pthread_join(th, 0);
|                         pthread_attr_init(&attr);
|                         pthread_cleanup_push(routine, 0);
|                         pthread_cleanup_pop(0) /* ; */
|   ;
|   return 0;
| }
configure:4870: result: no
configure:4773: checking whether pthreads work with -Kthread
configure:4861: gcc -o conftest -Wall -Wextra -O3 -Kthread -I/usr/local/include  -DRCSID=\"$(IDGIT)\" -I/usr/include/libxml2   conftest.c  -lcrypt -lssh -lnetconf -L/usr/local/lib -lnetconf  -lxml2 >&5
gcc: error: unrecognized command line option '-Kthread'
configure:4861: $? = 1
configure: failed program was:
| /* confdefs.h */
| #define PACKAGE_NAME "netopeer-server"
| #define PACKAGE_TARNAME "netopeer-server"
| #define PACKAGE_VERSION "0.8.0"
| #define PACKAGE_STRING "netopeer-server 0.8.0"
| #define PACKAGE_BUGREPORT ""
| #define PACKAGE_URL ""
| #define HAVE_LIBNETCONF 1
| /* end confdefs.h.  */
| #include <pthread.h>
|                         static void routine(void *a) { a = 0; }
|                         static void *start_routine(void *a) { return a; }
| int
| main ()
| {
| pthread_t th; pthread_attr_t attr;
|                         pthread_create(&th, 0, start_routine, 0);
|                         pthread_join(th, 0);
|                         pthread_attr_init(&attr);
|                         pthread_cleanup_push(routine, 0);
|                         pthread_cleanup_pop(0) /* ; */
|   ;
|   return 0;
| }
configure:4870: result: no
configure:4773: checking whether pthreads work with -kthread
configure:4861: gcc -o conftest -Wall -Wextra -O3 -kthread -I/usr/local/include  -DRCSID=\"$(IDGIT)\" -I/usr/include/libxml2   conftest.c  -lcrypt -lssh -lnetconf -L/usr/local/lib -lnetconf  -lxml2 >&5
gcc: error: unrecognized command line option '-kthread'
configure:4861: $? = 1
configure: failed program was:
| /* confdefs.h */
| #define PACKAGE_NAME "netopeer-server"
| #define PACKAGE_TARNAME "netopeer-server"
| #define PACKAGE_VERSION "0.8.0"
| #define PACKAGE_STRING "netopeer-server 0.8.0"
| #define PACKAGE_BUGREPORT ""
| #define PACKAGE_URL ""
| #define HAVE_LIBNETCONF 1
| /* end confdefs.h.  */
| #include <pthread.h>
|                         static void routine(void *a) { a = 0; }
|                         static void *start_routine(void *a) { return a; }
| int
| main ()
| {
| pthread_t th; pthread_attr_t attr;
|                         pthread_create(&th, 0, start_routine, 0);
|                         pthread_join(th, 0);
|                         pthread_attr_init(&attr);
|                         pthread_cleanup_push(routine, 0);
|                         pthread_cleanup_pop(0) /* ; */
|   ;
|   return 0;
| }
configure:4870: result: no
configure:4823: checking for the pthreads library -llthread
configure:4861: gcc -o conftest -Wall -Wextra -O3  -I/usr/local/include  -DRCSID=\"$(IDGIT)\" -I/usr/include/libxml2   conftest.c -llthread -lcrypt -lssh -lnetconf -L/usr/local/lib -lnetconf  -lxml2 >&5
<command-line>:0:8: warning: missing terminating " character
conftest.c: In function 'routine':
conftest.c:11:51: warning: parameter 'a' set but not used [-Wunused-but-set-parameter]
                         static void routine(void *a) { a = 0; }
                                                   ^
/usr/bin/ld: cannot find -llthread
collect2: error: ld returned 1 exit status
configure:4861: $? = 1
configure: failed program was:
| /* confdefs.h */
| #define PACKAGE_NAME "netopeer-server"
| #define PACKAGE_TARNAME "netopeer-server"
| #define PACKAGE_VERSION "0.8.0"
| #define PACKAGE_STRING "netopeer-server 0.8.0"
| #define PACKAGE_BUGREPORT ""
| #define PACKAGE_URL ""
| #define HAVE_LIBNETCONF 1
| /* end confdefs.h.  */
| #include <pthread.h>
|                         static void routine(void *a) { a = 0; }
|                         static void *start_routine(void *a) { return a; }
| int
| main ()
| {
| pthread_t th; pthread_attr_t attr;
|                         pthread_create(&th, 0, start_routine, 0);
|                         pthread_join(th, 0);
|                         pthread_attr_init(&attr);
|                         pthread_cleanup_push(routine, 0);
|                         pthread_cleanup_pop(0) /* ; */
|   ;
|   return 0;
| }
configure:4870: result: no
configure:4773: checking whether pthreads work with -pthread
configure:4861: gcc -o conftest -Wall -Wextra -O3 -pthread -I/usr/local/include  -DRCSID=\"$(IDGIT)\" -I/usr/include/libxml2   conftest.c  -lcrypt -lssh -lnetconf -L/usr/local/lib -lnetconf  -lxml2 >&5
<command-line>:0:8: warning: missing terminating " character
conftest.c: In function 'routine':
conftest.c:11:51: warning: parameter 'a' set but not used [-Wunused-but-set-parameter]
                         static void routine(void *a) { a = 0; }
                                                   ^
configure:4861: $? = 0
configure:4870: result: yes
configure:4889: checking for joinable pthread attribute
configure:4904: gcc -o conftest -Wall -Wextra -O3 -pthread -I/usr/local/include  -DRCSID=\"$(IDGIT)\" -I/usr/include/libxml2   conftest.c  -lcrypt -lssh -lnetconf -L/usr/local/lib -lnetconf  -lxml2 >&5
<command-line>:0:8: warning: missing terminating " character
configure:4904: $? = 0
configure:4910: result: PTHREAD_CREATE_JOINABLE
configure:4920: checking if more special flags are required for pthreads
configure:4934: result: no
configure:4940: checking for PTHREAD_PRIO_INHERIT
configure:4958: gcc -o conftest -Wall -Wextra -O3 -pthread -I/usr/local/include  -DRCSID=\"$(IDGIT)\" -I/usr/include/libxml2   conftest.c  -lcrypt -lssh -lnetconf -L/usr/local/lib -lnetconf  -lxml2 >&5
<command-line>:0:8: warning: missing terminating " character
conftest.c: In function 'main':
conftest.c:15:5: warning: unused variable 'i' [-Wunused-variable]
 int i = PTHREAD_PRIO_INHERIT;
     ^
configure:4958: $? = 0
configure:4967: result: yes
configure:5128: generating validation files...
configure:5146: checking how to run the C preprocessor
configure:5177: gcc -E -I/usr/local/include  -DRCSID=\"$(IDGIT)\" -I/usr/include/libxml2 conftest.c
<command-line>:0:8: warning: missing terminating " character
configure:5177: $? = 0
configure:5191: gcc -E -I/usr/local/include  -DRCSID=\"$(IDGIT)\" -I/usr/include/libxml2 conftest.c
<command-line>:0:8: warning: missing terminating " character
conftest.c:11:28: fatal error: ac_nonexistent.h: No such file or directory
compilation terminated.
configure:5191: $? = 1
configure: failed program was:
| /* confdefs.h */
| #define PACKAGE_NAME "netopeer-server"
| #define PACKAGE_TARNAME "netopeer-server"
| #define PACKAGE_VERSION "0.8.0"
| #define PACKAGE_STRING "netopeer-server 0.8.0"
| #define PACKAGE_BUGREPORT ""
| #define PACKAGE_URL ""
| #define HAVE_LIBNETCONF 1
| #define HAVE_PTHREAD_PRIO_INHERIT 1
| /* end confdefs.h.  */
| #include <ac_nonexistent.h>
configure:5216: result: gcc -E
configure:5236: gcc -E -I/usr/local/include  -DRCSID=\"$(IDGIT)\" -I/usr/include/libxml2 conftest.c
<command-line>:0:8: warning: missing terminating " character
configure:5236: $? = 0
configure:5250: gcc -E -I/usr/local/include  -DRCSID=\"$(IDGIT)\" -I/usr/include/libxml2 conftest.c
<command-line>:0:8: warning: missing terminating " character
conftest.c:11:28: fatal error: ac_nonexistent.h: No such file or directory
compilation terminated.
configure:5250: $? = 1
configure: failed program was:
| /* confdefs.h */
| #define PACKAGE_NAME "netopeer-server"
| #define PACKAGE_TARNAME "netopeer-server"
| #define PACKAGE_VERSION "0.8.0"
| #define PACKAGE_STRING "netopeer-server 0.8.0"
| #define PACKAGE_BUGREPORT ""
| #define PACKAGE_URL ""
| #define HAVE_LIBNETCONF 1
| #define HAVE_PTHREAD_PRIO_INHERIT 1
| /* end confdefs.h.  */
| #include <ac_nonexistent.h>
configure:5279: checking for grep that handles long lines and -e
configure:5337: result: /bin/grep
configure:5342: checking for egrep
configure:5404: result: /bin/grep -E
configure:5409: checking for ANSI C header files
configure:5429: gcc -c -Wall -Wextra -O3 -pthread -DNP_SSH -I/usr/local/include  -DRCSID=\"$(IDGIT)\" -I/usr/include/libxml2 conftest.c >&5
<command-line>:0:8: warning: missing terminating " character
configure:5429: $? = 0
<command-line>:0:8: warning: missing terminating " character
<command-line>:0:8: warning: missing terminating " character
configure:5502: gcc -o conftest -Wall -Wextra -O3 -pthread -DNP_SSH -I/usr/local/include  -DRCSID=\"$(IDGIT)\" -I/usr/include/libxml2   conftest.c -lcrypt -lssh -lnetconf -L/usr/local/lib -lnetconf  -lxml2 >&5
<command-line>:0:8: warning: missing terminating " character
configure:5502: $? = 0
configure:5502: ./conftest
configure:5502: $? = 0
configure:5513: result: yes
configure:5526: checking for sys/types.h
configure:5526: gcc -c -Wall -Wextra -O3 -pthread -DNP_SSH -I/usr/local/include  -DRCSID=\"$(IDGIT)\" -I/usr/include/libxml2 conftest.c >&5
<command-line>:0:8: warning: missing terminating " character
configure:5526: $? = 0
configure:5526: result: yes
configure:5526: checking for sys/stat.h
configure:5526: gcc -c -Wall -Wextra -O3 -pthread -DNP_SSH -I/usr/local/include  -DRCSID=\"$(IDGIT)\" -I/usr/include/libxml2 conftest.c >&5
<command-line>:0:8: warning: missing terminating " character
configure:5526: $? = 0
configure:5526: result: yes
configure:5526: checking for stdlib.h
configure:5526: gcc -c -Wall -Wextra -O3 -pthread -DNP_SSH -I/usr/local/include  -DRCSID=\"$(IDGIT)\" -I/usr/include/libxml2 conftest.c >&5
<command-line>:0:8: warning: missing terminating " character
configure:5526: $? = 0
configure:5526: result: yes
configure:5526: checking for string.h
configure:5526: gcc -c -Wall -Wextra -O3 -pthread -DNP_SSH -I/usr/local/include  -DRCSID=\"$(IDGIT)\" -I/usr/include/libxml2 conftest.c >&5
<command-line>:0:8: warning: missing terminating " character
configure:5526: $? = 0
configure:5526: result: yes
configure:5526: checking for memory.h
configure:5526: gcc -c -Wall -Wextra -O3 -pthread -DNP_SSH -I/usr/local/include  -DRCSID=\"$(IDGIT)\" -I/usr/include/libxml2 conftest.c >&5
<command-line>:0:8: warning: missing terminating " character
configure:5526: $? = 0
configure:5526: result: yes
configure:5526: checking for strings.h
configure:5526: gcc -c -Wall -Wextra -O3 -pthread -DNP_SSH -I/usr/local/include  -DRCSID=\"$(IDGIT)\" -I/usr/include/libxml2 conftest.c >&5
<command-line>:0:8: warning: missing terminating " character
configure:5526: $? = 0
configure:5526: result: yes
configure:5526: checking for inttypes.h
configure:5526: gcc -c -Wall -Wextra -O3 -pthread -DNP_SSH -I/usr/local/include  -DRCSID=\"$(IDGIT)\" -I/usr/include/libxml2 conftest.c >&5
<command-line>:0:8: warning: missing terminating " character
configure:5526: $? = 0
configure:5526: result: yes
configure:5526: checking for stdint.h
configure:5526: gcc -c -Wall -Wextra -O3 -pthread -DNP_SSH -I/usr/local/include  -DRCSID=\"$(IDGIT)\" -I/usr/include/libxml2 conftest.c >&5
<command-line>:0:8: warning: missing terminating " character
configure:5526: $? = 0
configure:5526: result: yes
configure:5526: checking for unistd.h
configure:5526: gcc -c -Wall -Wextra -O3 -pthread -DNP_SSH -I/usr/local/include  -DRCSID=\"$(IDGIT)\" -I/usr/include/libxml2 conftest.c >&5
<command-line>:0:8: warning: missing terminating " character
configure:5526: $? = 0
configure:5526: result: yes
configure:5541: checking for stdlib.h
configure:5541: result: yes
configure:5541: checking for string.h
configure:5541: result: yes
configure:5541: checking sys/time.h usability
configure:5541: gcc -c -Wall -Wextra -O3 -pthread -DNP_SSH -I/usr/local/include  -DRCSID=\"$(IDGIT)\" -I/usr/include/libxml2 conftest.c >&5
<command-line>:0:8: warning: missing terminating " character
configure:5541: $? = 0
configure:5541: result: yes
configure:5541: checking sys/time.h presence
configure:5541: gcc -E -I/usr/local/include  -DRCSID=\"$(IDGIT)\" -I/usr/include/libxml2 conftest.c
<command-line>:0:8: warning: missing terminating " character
configure:5541: $? = 0
configure:5541: result: yes
configure:5541: checking for sys/time.h
configure:5541: result: yes
configure:5541: checking for unistd.h
configure:5541: result: yes
configure:5554: checking libnetconf_xml.h usability
configure:5554: gcc -c -Wall -Wextra -O3 -pthread -DNP_SSH -I/usr/local/include  -DRCSID=\"$(IDGIT)\" -I/usr/include/libxml2 conftest.c >&5
<command-line>:0:8: warning: missing terminating " character
configure:5554: $? = 0
configure:5554: result: yes
configure:5554: checking libnetconf_xml.h presence
configure:5554: gcc -E -I/usr/local/include  -DRCSID=\"$(IDGIT)\" -I/usr/include/libxml2 conftest.c
<command-line>:0:8: warning: missing terminating " character
configure:5554: $? = 0
configure:5554: result: yes
configure:5554: checking for libnetconf_xml.h
configure:5554: result: yes
configure:5554: checking libxml/tree.h usability
configure:5554: gcc -c -Wall -Wextra -O3 -pthread -DNP_SSH -I/usr/local/include  -DRCSID=\"$(IDGIT)\" -I/usr/include/libxml2 conftest.c >&5
<command-line>:0:8: warning: missing terminating " character
configure:5554: $? = 0
configure:5554: result: yes
configure:5554: checking libxml/tree.h presence
configure:5554: gcc -E -I/usr/local/include  -DRCSID=\"$(IDGIT)\" -I/usr/include/libxml2 conftest.c
<command-line>:0:8: warning: missing terminating " character
configure:5554: $? = 0
configure:5554: result: yes
configure:5554: checking for libxml/tree.h
configure:5554: result: yes
configure:5566: checking for int32_t
configure:5566: gcc -c -Wall -Wextra -O3 -pthread -DNP_SSH -I/usr/local/include  -DRCSID=\"$(IDGIT)\" -I/usr/include/libxml2 conftest.c >&5
<command-line>:0:8: warning: missing terminating " character
configure:5566: $? = 0
configure:5566: gcc -c -Wall -Wextra -O3 -pthread -DNP_SSH -I/usr/local/include  -DRCSID=\"$(IDGIT)\" -I/usr/include/libxml2 conftest.c >&5
<command-line>:0:8: warning: missing terminating " character
conftest.c: In function 'main':
conftest.c:65:53: warning: integer overflow in expression [-Woverflow]
    < (int32_t) (((((int32_t) 1 << N) << N) - 1) * 2 + 2))];
                                                     ^
conftest.c:64:12: error: storage size of 'test_array' isn't constant
 static int test_array [1 - 2 * !((int32_t) (((((int32_t) 1 << N) << N) - 1) * 2 + 1)
            ^
conftest.c:64:12: warning: unused variable 'test_array' [-Wunused-variable]
configure:5566: $? = 1
configure: failed program was:
| /* confdefs.h */
| #define PACKAGE_NAME "netopeer-server"
| #define PACKAGE_TARNAME "netopeer-server"
| #define PACKAGE_VERSION "0.8.0"
| #define PACKAGE_STRING "netopeer-server 0.8.0"
| #define PACKAGE_BUGREPORT ""
| #define PACKAGE_URL ""
| #define HAVE_LIBNETCONF 1
| #define HAVE_PTHREAD_PRIO_INHERIT 1
| #define STDC_HEADERS 1
| #define HAVE_SYS_TYPES_H 1
| #define HAVE_SYS_STAT_H 1
| #define HAVE_STDLIB_H 1
| #define HAVE_STRING_H 1
| #define HAVE_MEMORY_H 1
| #define HAVE_STRINGS_H 1
| #define HAVE_INTTYPES_H 1
| #define HAVE_STDINT_H 1
| #define HAVE_UNISTD_H 1
| #define HAVE_STDLIB_H 1
| #define HAVE_STRING_H 1
| #define HAVE_SYS_TIME_H 1
| #define HAVE_UNISTD_H 1
| #define HAVE_LIBNETCONF_XML_H 1
| #define HAVE_LIBXML_TREE_H 1
| /* end confdefs.h.  */
| #include <stdio.h>
| #ifdef HAVE_SYS_TYPES_H
| # include <sys/types.h>
| #endif
| #ifdef HAVE_SYS_STAT_H
| # include <sys/stat.h>
| #endif
| #ifdef STDC_HEADERS
| # include <stdlib.h>
| # include <stddef.h>
| #else
| # ifdef HAVE_STDLIB_H
| #  include <stdlib.h>
| # endif
| #endif
| #ifdef HAVE_STRING_H
| # if !defined STDC_HEADERS && defined HAVE_MEMORY_H
| #  include <memory.h>
| # endif
| # include <string.h>
| #endif
| #ifdef HAVE_STRINGS_H
| # include <strings.h>
| #endif
| #ifdef HAVE_INTTYPES_H
| # include <inttypes.h>
| #endif
| #ifdef HAVE_STDINT_H
| # include <stdint.h>
| #endif
| #ifdef HAVE_UNISTD_H
| # include <unistd.h>
| #endif
| 	        enum { N = 32 / 2 - 1 };
| int
| main ()
| {
| static int test_array [1 - 2 * !((int32_t) (((((int32_t) 1 << N) << N) - 1) * 2 + 1)
| 		 < (int32_t) (((((int32_t) 1 << N) << N) - 1) * 2 + 2))];
| test_array [0] = 0;
| return test_array [0];
| 
|   ;
|   return 0;
| }
configure:5566: result: yes
configure:5577: checking for uint32_t
configure:5577: gcc -c -Wall -Wextra -O3 -pthread -DNP_SSH -I/usr/local/include  -DRCSID=\"$(IDGIT)\" -I/usr/include/libxml2 conftest.c >&5
<command-line>:0:8: warning: missing terminating " character
configure:5577: $? = 0
configure:5577: result: yes
configure:5595: checking for stdlib.h
configure:5595: result: yes
configure:5605: checking for GNU libc compatible malloc
configure:5629: gcc -o conftest -Wall -Wextra -O3 -pthread -DNP_SSH -I/usr/local/include  -DRCSID=\"$(IDGIT)\" -I/usr/include/libxml2   conftest.c -lcrypt -lssh -lnetconf -L/usr/local/lib -lnetconf  -lxml2 >&5
<command-line>:0:8: warning: missing terminating " character
configure:5629: $? = 0
configure:5629: ./conftest
configure:5629: $? = 0
configure:5639: result: yes
configure:5663: checking for select
configure:5663: gcc -o conftest -Wall -Wextra -O3 -pthread -DNP_SSH -I/usr/local/include  -DRCSID=\"$(IDGIT)\" -I/usr/include/libxml2   conftest.c -lcrypt -lssh -lnetconf -L/usr/local/lib -lnetconf  -lxml2 >&5
<command-line>:0:8: warning: missing terminating " character
configure:5663: $? = 0
configure:5663: result: yes
configure:5663: checking for strdup
configure:5663: gcc -o conftest -Wall -Wextra -O3 -pthread -DNP_SSH -I/usr/local/include  -DRCSID=\"$(IDGIT)\" -I/usr/include/libxml2   conftest.c -lcrypt -lssh -lnetconf -L/usr/local/lib -lnetconf  -lxml2 >&5
<command-line>:0:8: warning: missing terminating " character
conftest.c:53:6: warning: conflicting types for built-in function 'strdup'
 char strdup ();
      ^
configure:5663: $? = 0
configure:5663: result: yes
configure:5663: checking for strerror
configure:5663: gcc -o conftest -Wall -Wextra -O3 -pthread -DNP_SSH -I/usr/local/include  -DRCSID=\"$(IDGIT)\" -I/usr/include/libxml2   conftest.c -lcrypt -lssh -lnetconf -L/usr/local/lib -lnetconf  -lxml2 >&5
<command-line>:0:8: warning: missing terminating " character
configure:5663: $? = 0
configure:5663: result: yes
configure:5867: creating ./config.status

## ---------------------- ##
## Running config.status. ##
## ---------------------- ##

This file was extended by netopeer-server config.status 0.8.0, which was
generated by GNU Autoconf 2.69.  Invocation command line was

  CONFIG_FILES    = 
  CONFIG_HEADERS  = 
  CONFIG_LINKS    = 
  CONFIG_COMMANDS = 
  $ ./config.status 

on user

config.status:778: creating Makefile
config.status:778: creating manager/netopeer-manager.tmp
config.status:778: creating config/Netopeer.xml.tmp
config.status:778: creating config/NETCONF-server.xml.tmp
config.status:778: creating src/config.h
config.status:778: creating netopeer-server.spec
config.status:778: creating netopeer.rc
config.status:778: creating configurator/netopeer/config.py

## ---------------- ##
## Cache variables. ##
## ---------------- ##

ac_cv_build=x86_64-unknown-linux-gnu
ac_cv_c_compiler_gnu=yes
ac_cv_c_int32_t=yes
ac_cv_c_uint32_t=yes
ac_cv_env_CC_set=
ac_cv_env_CC_value=
ac_cv_env_CFLAGS_set=
ac_cv_env_CFLAGS_value=
ac_cv_env_CPPFLAGS_set=
ac_cv_env_CPPFLAGS_value=
ac_cv_env_CPP_set=
ac_cv_env_CPP_value=
ac_cv_env_LDFLAGS_set=
ac_cv_env_LDFLAGS_value=
ac_cv_env_LIBNETCONF_CFLAGS_set=
ac_cv_env_LIBNETCONF_CFLAGS_value=
ac_cv_env_LIBNETCONF_LIBS_set=
ac_cv_env_LIBNETCONF_LIBS_value=
ac_cv_env_LIBS_set=
ac_cv_env_LIBS_value=
ac_cv_env_PKG_CONFIG_LIBDIR_set=
ac_cv_env_PKG_CONFIG_LIBDIR_value=
ac_cv_env_PKG_CONFIG_PATH_set=
ac_cv_env_PKG_CONFIG_PATH_value=
ac_cv_env_PKG_CONFIG_set=
ac_cv_env_PKG_CONFIG_value=
ac_cv_env_build_alias_set=
ac_cv_env_build_alias_value=
ac_cv_env_host_alias_set=
ac_cv_env_host_alias_value=
ac_cv_env_target_alias_set=
ac_cv_env_target_alias_value=
ac_cv_func_malloc_0_nonnull=yes
ac_cv_func_select=yes
ac_cv_func_strdup=yes
ac_cv_func_strerror=yes
ac_cv_header_inttypes_h=yes
ac_cv_header_libnetconf_xml_h=yes
ac_cv_header_libxml_tree_h=yes
ac_cv_header_memory_h=yes
ac_cv_header_stdc=yes
ac_cv_header_stdint_h=yes
ac_cv_header_stdlib_h=yes
ac_cv_header_string_h=yes
ac_cv_header_strings_h=yes
ac_cv_header_sys_stat_h=yes
ac_cv_header_sys_time_h=yes
ac_cv_header_sys_types_h=yes
ac_cv_header_unistd_h=yes
ac_cv_host=x86_64-unknown-linux-gnu
ac_cv_lib_netconf_nc_session_accept_libssh_channel=yes
ac_cv_lib_xml2_main=yes
ac_cv_objext=o
ac_cv_path_EGREP='/bin/grep -E'
ac_cv_path_GREP=/bin/grep
ac_cv_path_PKG_CONFIG=/usr/bin/pkg-config
ac_cv_path_ROFF2HTML=no
ac_cv_path_install='/usr/bin/install -c'
ac_cv_prog_CPP='gcc -E'
ac_cv_prog_LNCTOOL_EXISTS=yes
ac_cv_prog_RPMBUILD=rpmbuild
ac_cv_prog_UNAME=yes
ac_cv_prog_XML2_CONFIG=yes
ac_cv_prog_ac_ct_CC=gcc
ac_cv_prog_cc_c89=
ac_cv_prog_cc_g=yes
ac_cv_search_crypt=-lcrypt
ac_cv_search_ncntf_dispatch_receive='none required'
ac_cv_search_ssh_pki_key_ecdsa_name=-lssh
ax_cv_PTHREAD_PRIO_INHERIT=yes
pkg_cv_LIBNETCONF_CFLAGS=-I/usr/local/include
pkg_cv_LIBNETCONF_LIBS='-L/usr/local/lib -lnetconf'

## ----------------- ##
## Output variables. ##
## ----------------- ##

BUILDREQS=' libnetconf-devel python libxml2-devel'
CC='gcc'
CFLAGS='-Wall -Wextra -O3 -pthread -DNP_SSH'
CLIENT_STRUCT_SIZE='sizeof(struct client_struct_ssh)'
CONFIGURE_PARAMS=''
CONFIGURE_PWD='/home/user/Desktop/Work/repo_iitb_non3gpp/WLANController/auto/netconf/netopeer/server'
CPP='gcc -E'
CPPFLAGS='-I/usr/local/include  -DRCSID=\"$(IDGIT)\" -I/usr/include/libxml2'
DEFS='-DPACKAGE_NAME=\"netopeer-server\" -DPACKAGE_TARNAME=\"netopeer-server\" -DPACKAGE_VERSION=\"0.8.0\" -DPACKAGE_STRING=\"netopeer-server\ 0.8.0\" -DPACKAGE_BUGREPORT=\"\" -DPACKAGE_URL=\"\" -DHAVE_LIBNETCONF=1 -DHAVE_PTHREAD_PRIO_INHERIT=1 -DSTDC_HEADERS=1 -DHAVE_SYS_TYPES_H=1 -DHAVE_SYS_STAT_H=1 -DHAVE_STDLIB_H=1 -DHAVE_STRING_H=1 -DHAVE_MEMORY_H=1 -DHAVE_STRINGS_H=1 -DHAVE_INTTYPES_H=1 -DHAVE_STDINT_H=1 -DHAVE_UNISTD_H=1 -DHAVE_STDLIB_H=1 -DHAVE_STRING_H=1 -DHAVE_SYS_TIME_H=1 -DHAVE_UNISTD_H=1 -DHAVE_LIBNETCONF_XML_H=1 -DHAVE_LIBXML_TREE_H=1 -DHAVE_STDLIB_H=1 -DHAVE_MALLOC=1 -DHAVE_SELECT=1 -DHAVE_STRDUP=1 -DHAVE_STRERROR=1'
DISTRO='ubuntu'
ECHO_C=''
ECHO_N='-n'
ECHO_T=''
EGREP='/bin/grep -E'
EXEEXT=''
GREP='/bin/grep'
INSTALL_DATA='${INSTALL} -m 644'
INSTALL_PROGRAM='${INSTALL}'
INSTALL_SCRIPT='${INSTALL}'
LDFLAGS=' '
LIBNETCONF_CFLAGS='-I/usr/local/include'
LIBNETCONF_DATADIR='/usr/local/share'
LIBNETCONF_LIBS='-L/usr/local/lib -lnetconf'
LIBOBJS=''
LIBS='-lcrypt -lssh -lnetconf -L/usr/local/lib -lnetconf  -lxml2'
LNCTOOL_EXISTS='yes'
LTLIBOBJS=''
MODULESDIR='${prefix}/etc/netopeer/modules.conf.d/'
NCSERVER_FEATURES='<feature>ssh</feature><feature>inbound-ssh</feature><feature>outbound-ssh</feature>'
NETOPEER_FEATURES='<feature>dynamic-modules</feature><feature>ssh</feature>'
NPCONF='yes'
OBJEXT='o'
PACKAGE_BUGREPORT=''
PACKAGE_NAME='netopeer-server'
PACKAGE_STRING='netopeer-server 0.8.0'
PACKAGE_TARNAME='netopeer-server'
PACKAGE_URL=''
PACKAGE_VERSION='0.8.0'
PATH_SEPARATOR=':'
PKG_CONFIG='/usr/bin/pkg-config'
PKG_CONFIG_LIBDIR=''
PKG_CONFIG_PATH='/usr/local/lib64/pkgconfig:'
PTHREAD_CC='gcc'
PTHREAD_CFLAGS='-pthread'
PTHREAD_LIBS=''
RELEASE='1'
REQS=' libnetconf python libxml2'
ROFF2HTML='no'
RPMBUILD='rpmbuild'
SERVER_LIBS='-lcrypt -lssh -lnetconf -L/usr/local/lib -lnetconf  -lxml2'
SERVER_TLS_CFGS=''
SERVER_TRANSPORT_HDRS='src/ssh/server_ssh.h src/ssh/cfgnetopeer_transapi_ssh.h src/ssh/netconf_server_transapi_ssh.h'
SERVER_TRANSPORT_SRCS='src/ssh/server_ssh.c src/ssh/cfgnetopeer_transapi_ssh.c src/ssh/netconf_server_transapi_ssh.c'
SHELL='/bin/bash'
SSH='yes'
TLS='no'
UNAME='yes'
USERMAIL='rkadam202@gmail.com'
USERNAME='Rohan-Kadam'
XML2_CONFIG='yes'
ac_ct_CC='gcc'
ax_pthread_config=''
bindir='${exec_prefix}/bin'
build='x86_64-unknown-linux-gnu'
build_alias=''
build_cpu='x86_64'
build_os='linux-gnu'
build_vendor='unknown'
datadir='${datarootdir}'
datarootdir='${prefix}/share'
docdir='${datarootdir}/doc/${PACKAGE_TARNAME}'
dvidir='${docdir}'
exec_prefix='${prefix}'
host='x86_64-unknown-linux-gnu'
host_alias=''
host_cpu='x86_64'
host_os='linux-gnu'
host_vendor='unknown'
htmldir='${docdir}'
includedir='${prefix}/include'
infodir='${datarootdir}/info'
libdir='${prefix}/lib64'
libexecdir='${exec_prefix}/libexec'
localedir='${datarootdir}/locale'
localstatedir='${prefix}/var'
mandir='${datarootdir}/man'
oldincludedir='/usr/include'
pdfdir='${docdir}'
prefix='/usr/local'
program_transform_name='s,x,x,'
psdir='${docdir}'
sbindir='${exec_prefix}/sbin'
sharedstatedir='${prefix}/com'
sysconfdir='${prefix}/etc'
target_alias=''

## ----------- ##
## confdefs.h. ##
## ----------- ##

/* confdefs.h */
#define PACKAGE_NAME "netopeer-server"
#define PACKAGE_TARNAME "netopeer-server"
#define PACKAGE_VERSION "0.8.0"
#define PACKAGE_STRING "netopeer-server 0.8.0"
#define PACKAGE_BUGREPORT ""
#define PACKAGE_URL ""
#define HAVE_LIBNETCONF 1
#define HAVE_PTHREAD_PRIO_INHERIT 1
#define STDC_HEADERS 1
#define HAVE_SYS_TYPES_H 1
#define HAVE_SYS_STAT_H 1
#define HAVE_STDLIB_H 1
#define HAVE_STRING_H 1
#define HAVE_MEMORY_H 1
#define HAVE_STRINGS_H 1
#define HAVE_INTTYPES_H 1
#define HAVE_STDINT_H 1
#define HAVE_UNISTD_H 1
#define HAVE_STDLIB_H 1
#define HAVE_STRING_H 1
#define HAVE_SYS_TIME_H 1
#define HAVE_UNISTD_H 1
#define HAVE_LIBNETCONF_XML_H 1
#define HAVE_LIBXML_TREE_H 1
#define HAVE_STDLIB_H 1
#define HAVE_MALLOC 1
#define HAVE_SELECT 1
#define HAVE_STRDUP 1
#define HAVE_STRERROR 1

configure: exit 0
