This file contains any messages produced by compilers while
running configure, to aid debugging if configure makes a mistake.

It was created by m-SBI configure 1.0, which was
generated by GNU Autoconf 2.69.  Invocation command line was

  $ ./configure 

## --------- ##
## Platform. ##
## --------- ##

hostname = user
uname -m = x86_64
uname -r = 4.4.0-96-generic
uname -s = Linux
uname -v = #119-Ubuntu SMP Tue Sep 12 14:59:54 UTC 2017

/usr/bin/uname -p = unknown
/bin/uname -X     = unknown

/bin/arch              = unknown
/usr/bin/arch -k       = unknown
/usr/convex/getsysinfo = unknown
/usr/bin/hostinfo      = unknown
/bin/machine           = unknown
/usr/bin/oslevel       = unknown
/bin/universe          = unknown

PATH: /usr/local/sbin
PATH: /usr/local/bin
PATH: /usr/sbin
PATH: /usr/bin
PATH: /sbin
PATH: /bin
PATH: /usr/games
PATH: /usr/local/games
PATH: /snap/bin
PATH: /home/user/.local/bin


## ----------- ##
## Core tests. ##
## ----------- ##

configure:2303: checking for gcc
configure:2319: found /usr/bin/gcc
configure:2330: result: gcc
configure:2559: checking for C compiler version
configure:2568: gcc --version >&5
gcc (Ubuntu 5.4.0-6ubuntu1~16.04.10) 5.4.0 20160609
Copyright (C) 2015 Free Software Foundation, Inc.
This is free software; see the source for copying conditions.  There is NO
warranty; not even for MERCHANTABILITY or FITNESS FOR A PARTICULAR PURPOSE.

configure:2579: $? = 0
configure:2568: gcc -v >&5
Using built-in specs.
COLLECT_GCC=gcc
COLLECT_LTO_WRAPPER=/usr/lib/gcc/x86_64-linux-gnu/5/lto-wrapper
Target: x86_64-linux-gnu
Configured with: ../src/configure -v --with-pkgversion='Ubuntu 5.4.0-6ubuntu1~16.04.10' --with-bugurl=file:///usr/share/doc/gcc-5/README.Bugs --enable-languages=c,ada,c++,java,go,d,fortran,objc,obj-c++ --prefix=/usr --program-suffix=-5 --enable-shared --enable-linker-build-id --libexecdir=/usr/lib --without-included-gettext --enable-threads=posix --libdir=/usr/lib --enable-nls --with-sysroot=/ --enable-clocale=gnu --enable-libstdcxx-debug --enable-libstdcxx-time=yes --with-default-libstdcxx-abi=new --enable-gnu-unique-object --disable-vtable-verify --enable-libmpx --enable-plugin --with-system-zlib --disable-browser-plugin --enable-java-awt=gtk --enable-gtk-cairo --with-java-home=/usr/lib/jvm/java-1.5.0-gcj-5-amd64/jre --enable-java-home --with-jvm-root-dir=/usr/lib/jvm/java-1.5.0-gcj-5-amd64 --with-jvm-jar-dir=/usr/lib/jvm-exports/java-1.5.0-gcj-5-amd64 --with-arch-directory=amd64 --with-ecj-jar=/usr/share/java/eclipse-ecj.jar --enable-objc-gc --enable-multiarch --disable-werror --with-arch-32=i686 --with-abi=m64 --with-multilib-list=m32,m64,mx32 --enable-multilib --with-tune=generic --enable-checking=release --build=x86_64-linux-gnu --host=x86_64-linux-gnu --target=x86_64-linux-gnu
Thread model: posix
gcc version 5.4.0 20160609 (Ubuntu 5.4.0-6ubuntu1~16.04.10) 
configure:2579: $? = 0
configure:2568: gcc -V >&5
gcc: error: unrecognized command line option '-V'
gcc: fatal error: no input files
compilation terminated.
configure:2579: $? = 1
configure:2568: gcc -qversion >&5
gcc: error: unrecognized command line option '-qversion'
gcc: fatal error: no input files
compilation terminated.
configure:2579: $? = 1
configure:2599: checking whether the C compiler works
configure:2621: gcc  -O3   conftest.c  >&5
configure:2625: $? = 0
configure:2673: result: yes
configure:2676: checking for C compiler default output file name
configure:2678: result: a.out
configure:2684: checking for suffix of executables
configure:2691: gcc -o conftest  -O3   conftest.c  >&5
configure:2695: $? = 0
configure:2717: result: 
configure:2739: checking whether we are cross compiling
configure:2747: gcc -o conftest  -O3   conftest.c  >&5
configure:2751: $? = 0
configure:2758: ./conftest
configure:2762: $? = 0
configure:2777: result: no
configure:2782: checking for suffix of object files
configure:2804: gcc -c  -O3  conftest.c >&5
configure:2808: $? = 0
configure:2829: result: o
configure:2833: checking whether we are using the GNU C compiler
configure:2852: gcc -c  -O3  conftest.c >&5
configure:2852: $? = 0
configure:2861: result: yes
configure:2870: checking whether gcc accepts -g
configure:2890: gcc -c -g  conftest.c >&5
configure:2890: $? = 0
configure:2931: result: yes
configure:2948: checking for gcc option to accept ISO C89
configure:3011: gcc  -c  -O3  conftest.c >&5
configure:3011: $? = 0
configure:3024: result: none needed
configure:3087: checking for a BSD-compatible install
configure:3155: result: /usr/bin/install -c
configure:3197: checking build system type
configure:3211: result: x86_64-unknown-linux-gnu
configure:3231: checking host system type
configure:3244: result: x86_64-unknown-linux-gnu
configure:3285: checking how to print strings
configure:3312: result: printf
configure:3333: checking for a sed that does not truncate output
configure:3397: result: /bin/sed
configure:3415: checking for grep that handles long lines and -e
configure:3473: result: /bin/grep
configure:3478: checking for egrep
configure:3540: result: /bin/grep -E
configure:3545: checking for fgrep
configure:3607: result: /bin/grep -F
configure:3642: checking for ld used by gcc
configure:3709: result: /usr/bin/ld
configure:3716: checking if the linker (/usr/bin/ld) is GNU ld
configure:3731: result: yes
configure:3743: checking for BSD- or MS-compatible name lister (nm)
configure:3797: result: /usr/bin/nm -B
configure:3927: checking the name lister (/usr/bin/nm -B) interface
configure:3934: gcc -c  -O3  conftest.c >&5
configure:3937: /usr/bin/nm -B "conftest.o"
configure:3940: output
0000000000000000 B some_variable
configure:3947: result: BSD nm
configure:3950: checking whether ln -s works
configure:3954: result: yes
configure:3962: checking the maximum length of command line arguments
configure:4093: result: 1572864
configure:4141: checking how to convert x86_64-unknown-linux-gnu file names to x86_64-unknown-linux-gnu format
configure:4181: result: func_convert_file_noop
configure:4188: checking how to convert x86_64-unknown-linux-gnu file names to toolchain format
configure:4208: result: func_convert_file_noop
configure:4215: checking for /usr/bin/ld option to reload object files
configure:4222: result: -r
configure:4296: checking for objdump
configure:4312: found /usr/bin/objdump
configure:4323: result: objdump
configure:4355: checking how to recognize dependent libraries
configure:4555: result: pass_all
configure:4640: checking for dlltool
configure:4670: result: no
configure:4700: checking how to associate runtime and link libraries
configure:4727: result: printf %s\n
configure:4788: checking for ar
configure:4804: found /usr/bin/ar
configure:4815: result: ar
configure:4852: checking for archiver @FILE support
configure:4869: gcc -c  -O3  conftest.c >&5
configure:4869: $? = 0
configure:4872: ar cru libconftest.a @conftest.lst >&5
ar: `u' modifier ignored since `D' is the default (see `U')
configure:4875: $? = 0
configure:4880: ar cru libconftest.a @conftest.lst >&5
ar: `u' modifier ignored since `D' is the default (see `U')
ar: conftest.o: No such file or directory
configure:4883: $? = 1
configure:4895: result: @
configure:4953: checking for strip
configure:4969: found /usr/bin/strip
configure:4980: result: strip
configure:5052: checking for ranlib
configure:5068: found /usr/bin/ranlib
configure:5079: result: ranlib
configure:5156: checking for gawk
configure:5172: found /usr/bin/gawk
configure:5183: result: gawk
configure:5223: checking command to parse /usr/bin/nm -B output from gcc object
configure:5376: gcc -c  -O3  conftest.c >&5
configure:5379: $? = 0
configure:5383: /usr/bin/nm -B conftest.o \| sed -n -e 's/^.*[ ]\([ABCDGIRSTW][ABCDGIRSTW]*\)[ ][ ]*\([_A-Za-z][_A-Za-z0-9]*\)$/\1 \2 \2/p' | sed '/ __gnu_lto/d' \> conftest.nm
configure:5386: $? = 0
configure:5452: gcc -o conftest  -O3   conftest.c conftstm.o >&5
configure:5455: $? = 0
configure:5493: result: ok
configure:5540: checking for sysroot
configure:5570: result: no
configure:5577: checking for a working dd
configure:5615: result: /bin/dd
configure:5619: checking how to truncate binary pipes
configure:5634: result: /bin/dd bs=4096 count=1
configure:5770: gcc -c  -O3  conftest.c >&5
configure:5773: $? = 0
configure:5963: checking for mt
configure:5979: found /bin/mt
configure:5990: result: mt
configure:6013: checking if mt is a manifest tool
configure:6019: mt '-?'
configure:6027: result: no
configure:6704: checking how to run the C preprocessor
configure:6735: gcc -E  conftest.c
configure:6735: $? = 0
configure:6749: gcc -E  conftest.c
conftest.c:9:28: fatal error: ac_nonexistent.h: No such file or directory
compilation terminated.
configure:6749: $? = 1
configure: failed program was:
| /* confdefs.h */
| #define PACKAGE_NAME "m-SBI"
| #define PACKAGE_TARNAME "m-sbi"
| #define PACKAGE_VERSION "1.0"
| #define PACKAGE_STRING "m-SBI 1.0"
| #define PACKAGE_BUGREPORT "BUG-REPORT-ADDRESS"
| #define PACKAGE_URL ""
| /* end confdefs.h.  */
| #include <ac_nonexistent.h>
configure:6774: result: gcc -E
configure:6794: gcc -E  conftest.c
configure:6794: $? = 0
configure:6808: gcc -E  conftest.c
conftest.c:9:28: fatal error: ac_nonexistent.h: No such file or directory
compilation terminated.
configure:6808: $? = 1
configure: failed program was:
| /* confdefs.h */
| #define PACKAGE_NAME "m-SBI"
| #define PACKAGE_TARNAME "m-sbi"
| #define PACKAGE_VERSION "1.0"
| #define PACKAGE_STRING "m-SBI 1.0"
| #define PACKAGE_BUGREPORT "BUG-REPORT-ADDRESS"
| #define PACKAGE_URL ""
| /* end confdefs.h.  */
| #include <ac_nonexistent.h>
configure:6837: checking for ANSI C header files
configure:6857: gcc -c  -O3  conftest.c >&5
configure:6857: $? = 0
configure:6930: gcc -o conftest  -O3   conftest.c  >&5
configure:6930: $? = 0
configure:6930: ./conftest
configure:6930: $? = 0
configure:6941: result: yes
configure:6954: checking for sys/types.h
configure:6954: gcc -c  -O3  conftest.c >&5
configure:6954: $? = 0
configure:6954: result: yes
configure:6954: checking for sys/stat.h
configure:6954: gcc -c  -O3  conftest.c >&5
configure:6954: $? = 0
configure:6954: result: yes
configure:6954: checking for stdlib.h
configure:6954: gcc -c  -O3  conftest.c >&5
configure:6954: $? = 0
configure:6954: result: yes
configure:6954: checking for string.h
configure:6954: gcc -c  -O3  conftest.c >&5
configure:6954: $? = 0
configure:6954: result: yes
configure:6954: checking for memory.h
configure:6954: gcc -c  -O3  conftest.c >&5
configure:6954: $? = 0
configure:6954: result: yes
configure:6954: checking for strings.h
configure:6954: gcc -c  -O3  conftest.c >&5
configure:6954: $? = 0
configure:6954: result: yes
configure:6954: checking for inttypes.h
configure:6954: gcc -c  -O3  conftest.c >&5
configure:6954: $? = 0
configure:6954: result: yes
configure:6954: checking for stdint.h
configure:6954: gcc -c  -O3  conftest.c >&5
configure:6954: $? = 0
configure:6954: result: yes
configure:6954: checking for unistd.h
configure:6954: gcc -c  -O3  conftest.c >&5
configure:6954: $? = 0
configure:6954: result: yes
configure:6968: checking for dlfcn.h
configure:6968: gcc -c  -O3  conftest.c >&5
configure:6968: $? = 0
configure:6968: result: yes
configure:7224: checking for objdir
configure:7239: result: .libs
configure:7499: checking if gcc supports -fno-rtti -fno-exceptions
configure:7517: gcc -c  -O3  -fno-rtti -fno-exceptions conftest.c >&5
cc1: warning: command line option '-fno-rtti' is valid for C++/ObjC++ but not for C
configure:7521: $? = 0
configure:7534: result: no
configure:7892: checking for gcc option to produce PIC
configure:7899: result: -fPIC -DPIC
configure:7907: checking if gcc PIC flag -fPIC -DPIC works
configure:7925: gcc -c  -O3  -fPIC -DPIC -DPIC conftest.c >&5
configure:7929: $? = 0
configure:7942: result: yes
configure:7971: checking if gcc static flag -static works
configure:7999: result: yes
configure:8014: checking if gcc supports -c -o file.o
configure:8035: gcc -c  -O3  -o out/conftest2.o conftest.c >&5
configure:8039: $? = 0
configure:8061: result: yes
configure:8069: checking if gcc supports -c -o file.o
configure:8116: result: yes
configure:8149: checking whether the gcc linker (/usr/bin/ld -m elf_x86_64) supports shared libraries
configure:9412: result: yes
configure:9449: checking whether -lc should be explicitly linked in
configure:9457: gcc -c  -O3  conftest.c >&5
configure:9460: $? = 0
configure:9475: gcc -shared  -fPIC -DPIC conftest.o  -v -Wl,-soname -Wl,conftest -o conftest 2\>\&1 \| /bin/grep  -lc  \>/dev/null 2\>\&1
configure:9478: $? = 0
configure:9492: result: no
configure:9652: checking dynamic linker characteristics
configure:10233: gcc -o conftest  -O3   -Wl,-rpath -Wl,/foo conftest.c  >&5
configure:10233: $? = 0
configure:10482: result: GNU/Linux ld.so
configure:10604: checking how to hardcode library paths into programs
configure:10629: result: immediate
configure:11177: checking whether stripping libraries is possible
configure:11182: result: yes
configure:11217: checking if libtool supports shared libraries
configure:11219: result: yes
configure:11222: checking whether to build shared libraries
configure:11247: result: yes
configure:11250: checking whether to build static libraries
configure:11254: result: yes
configure:11298: checking for library containing ncds_apply_rpc2all
configure:11329: gcc -o conftest  -O3   conftest.c  >&5
/tmp/ccwDsWTR.o: In function `main':
conftest.c:(.text.startup+0x7): undefined reference to `ncds_apply_rpc2all'
collect2: error: ld returned 1 exit status
configure:11329: $? = 1
configure: failed program was:
| /* confdefs.h */
| #define PACKAGE_NAME "m-SBI"
| #define PACKAGE_TARNAME "m-sbi"
| #define PACKAGE_VERSION "1.0"
| #define PACKAGE_STRING "m-SBI 1.0"
| #define PACKAGE_BUGREPORT "BUG-REPORT-ADDRESS"
| #define PACKAGE_URL ""
| #define STDC_HEADERS 1
| #define HAVE_SYS_TYPES_H 1
| #define HAVE_SYS_STAT_H 1
| #define HAVE_STDLIB_H 1
| #define HAVE_STRING_H 1
| #define HAVE_MEMORY_H 1
| #define HAVE_STRINGS_H 1
| #define HAVE_INTTYPES_H 1
| #define HAVE_STDINT_H 1
| #define HAVE_UNISTD_H 1
| #define HAVE_DLFCN_H 1
| #define LT_OBJDIR ".libs/"
| /* end confdefs.h.  */
| 
| /* Override any GCC internal prototype to avoid an error.
|    Use char because int might match the return type of a GCC
|    builtin and then its argument prototype would still apply.  */
| #ifdef __cplusplus
| extern "C"
| #endif
| char ncds_apply_rpc2all ();
| int
| main ()
| {
| return ncds_apply_rpc2all ();
|   ;
|   return 0;
| }
configure:11329: gcc -o conftest  -O3   conftest.c -lnetconf   >&5
configure:11329: $? = 0
configure:11346: result: -lnetconf
configure:11361: checking for xml2-config
configure:11377: found /usr/bin/xml2-config
configure:11389: result: yes
configure:11400: checking for main in -lxml2
configure:11419: gcc -o conftest  -O3   conftest.c -lxml2  -lnetconf  >&5
configure:11419: $? = 0
configure:11428: result: yes
configure:11442: checking for stdlib.h
configure:11442: result: yes
configure:11442: checking libnetconf.h usability
configure:11442: gcc -c -I/usr/include/libxml2  -O3  conftest.c >&5
configure:11442: $? = 0
configure:11442: result: yes
configure:11442: checking libnetconf.h presence
configure:11442: gcc -E  conftest.c
configure:11442: $? = 0
configure:11442: result: yes
configure:11442: checking for libnetconf.h
configure:11442: result: yes
configure:11611: creating ./config.status

## ---------------------- ##
## Running config.status. ##
## ---------------------- ##

This file was extended by m-SBI config.status 1.0, which was
generated by GNU Autoconf 2.69.  Invocation command line was

  CONFIG_FILES    = 
  CONFIG_HEADERS  = 
  CONFIG_LINKS    = 
  CONFIG_COMMANDS = 
  $ ./config.status 

on user

config.status:972: creating Makefile
config.status:1138: executing libtool commands

## ---------------- ##
## Cache variables. ##
## ---------------- ##

ac_cv_build=x86_64-unknown-linux-gnu
ac_cv_c_compiler_gnu=yes
ac_cv_env_CC_set=
ac_cv_env_CC_value=
ac_cv_env_CFLAGS_set=
ac_cv_env_CFLAGS_value=
ac_cv_env_CPPFLAGS_set=
ac_cv_env_CPPFLAGS_value=
ac_cv_env_CPP_set=
ac_cv_env_CPP_value=
ac_cv_env_LDFLAGS_set=
ac_cv_env_LDFLAGS_value=
ac_cv_env_LIBS_set=
ac_cv_env_LIBS_value=
ac_cv_env_LT_SYS_LIBRARY_PATH_set=
ac_cv_env_LT_SYS_LIBRARY_PATH_value=
ac_cv_env_build_alias_set=
ac_cv_env_build_alias_value=
ac_cv_env_host_alias_set=
ac_cv_env_host_alias_value=
ac_cv_env_target_alias_set=
ac_cv_env_target_alias_value=
ac_cv_header_dlfcn_h=yes
ac_cv_header_inttypes_h=yes
ac_cv_header_libnetconf_h=yes
ac_cv_header_memory_h=yes
ac_cv_header_stdc=yes
ac_cv_header_stdint_h=yes
ac_cv_header_stdlib_h=yes
ac_cv_header_string_h=yes
ac_cv_header_strings_h=yes
ac_cv_header_sys_stat_h=yes
ac_cv_header_sys_types_h=yes
ac_cv_header_unistd_h=yes
ac_cv_host=x86_64-unknown-linux-gnu
ac_cv_lib_xml2_main=yes
ac_cv_objext=o
ac_cv_path_EGREP='/bin/grep -E'
ac_cv_path_FGREP='/bin/grep -F'
ac_cv_path_GREP=/bin/grep
ac_cv_path_SED=/bin/sed
ac_cv_path_install='/usr/bin/install -c'
ac_cv_path_lt_DD=/bin/dd
ac_cv_prog_AWK=gawk
ac_cv_prog_CPP='gcc -E'
ac_cv_prog_XML2_CONFIG=yes
ac_cv_prog_ac_ct_AR=ar
ac_cv_prog_ac_ct_CC=gcc
ac_cv_prog_ac_ct_MANIFEST_TOOL=mt
ac_cv_prog_ac_ct_OBJDUMP=objdump
ac_cv_prog_ac_ct_RANLIB=ranlib
ac_cv_prog_ac_ct_STRIP=strip
ac_cv_prog_cc_c89=
ac_cv_prog_cc_g=yes
ac_cv_search_ncds_apply_rpc2all=-lnetconf
lt_cv_ar_at_file=@
lt_cv_archive_cmds_need_lc=no
lt_cv_deplibs_check_method=pass_all
lt_cv_file_magic_cmd='$MAGIC_CMD'
lt_cv_file_magic_test_file=
lt_cv_ld_reload_flag=-r
lt_cv_nm_interface='BSD nm'
lt_cv_objdir=.libs
lt_cv_path_LD=/usr/bin/ld
lt_cv_path_NM='/usr/bin/nm -B'
lt_cv_path_mainfest_tool=no
lt_cv_prog_compiler_c_o=yes
lt_cv_prog_compiler_pic='-fPIC -DPIC'
lt_cv_prog_compiler_pic_works=yes
lt_cv_prog_compiler_rtti_exceptions=no
lt_cv_prog_compiler_static_works=yes
lt_cv_prog_gnu_ld=yes
lt_cv_sharedlib_from_linklib_cmd='printf %s\n'
lt_cv_shlibpath_overrides_runpath=no
lt_cv_sys_global_symbol_pipe='sed -n -e '\''s/^.*[	 ]\([ABCDGIRSTW][ABCDGIRSTW]*\)[	 ][	 ]*\([_A-Za-z][_A-Za-z0-9]*\)$/\1 \2 \2/p'\'' | sed '\''/ __gnu_lto/d'\'''
lt_cv_sys_global_symbol_to_c_name_address='sed -n -e '\''s/^: \(.*\) .*$/  {"\1", (void *) 0},/p'\'' -e '\''s/^[ABCDGIRSTW][ABCDGIRSTW]* .* \(.*\)$/  {"\1", (void *) \&\1},/p'\'''
lt_cv_sys_global_symbol_to_c_name_address_lib_prefix='sed -n -e '\''s/^: \(.*\) .*$/  {"\1", (void *) 0},/p'\'' -e '\''s/^[ABCDGIRSTW][ABCDGIRSTW]* .* \(lib.*\)$/  {"\1", (void *) \&\1},/p'\'' -e '\''s/^[ABCDGIRSTW][ABCDGIRSTW]* .* \(.*\)$/  {"lib\1", (void *) \&\1},/p'\'''
lt_cv_sys_global_symbol_to_cdecl='sed -n -e '\''s/^T .* \(.*\)$/extern int \1();/p'\'' -e '\''s/^[ABCDGIRSTW][ABCDGIRSTW]* .* \(.*\)$/extern char \1;/p'\'''
lt_cv_sys_global_symbol_to_import=
lt_cv_sys_max_cmd_len=1572864
lt_cv_to_host_file_cmd=func_convert_file_noop
lt_cv_to_tool_file_cmd=func_convert_file_noop
lt_cv_truncate_bin='/bin/dd bs=4096 count=1'

## ----------------- ##
## Output variables. ##
## ----------------- ##

AR='ar'
AWK='gawk'
CC='gcc'
CFLAGS='-I/usr/include/libxml2  -O3'
CPP='gcc -E'
CPPFLAGS=''
DEFS='-DPACKAGE_NAME=\"m-SBI\" -DPACKAGE_TARNAME=\"m-sbi\" -DPACKAGE_VERSION=\"1.0\" -DPACKAGE_STRING=\"m-SBI\ 1.0\" -DPACKAGE_BUGREPORT=\"BUG-REPORT-ADDRESS\" -DPACKAGE_URL=\"\" -DSTDC_HEADERS=1 -DHAVE_SYS_TYPES_H=1 -DHAVE_SYS_STAT_H=1 -DHAVE_STDLIB_H=1 -DHAVE_STRING_H=1 -DHAVE_MEMORY_H=1 -DHAVE_STRINGS_H=1 -DHAVE_INTTYPES_H=1 -DHAVE_STDINT_H=1 -DHAVE_UNISTD_H=1 -DHAVE_DLFCN_H=1 -DLT_OBJDIR=\".libs/\" -DHAVE_STDLIB_H=1 -DHAVE_LIBNETCONF_H=1'
DLLTOOL='false'
DSYMUTIL=''
DUMPBIN=''
ECHO_C=''
ECHO_N='-n'
ECHO_T=''
EGREP='/bin/grep -E'
EXEEXT=''
FGREP='/bin/grep -F'
GREP='/bin/grep'
INSTALL_DATA='${INSTALL} -m 644'
INSTALL_PROGRAM='${INSTALL}'
INSTALL_SCRIPT='${INSTALL}'
LD='/usr/bin/ld -m elf_x86_64'
LDFLAGS=''
LIBOBJS=''
LIBS='-lxml2 -lnetconf '
LIBTOOL='$(SHELL) $(top_builddir)/libtool'
LIPO=''
LN_S='ln -s'
LTLIBOBJS=''
LT_SYS_LIBRARY_PATH=''
MANIFEST_TOOL=':'
NM='/usr/bin/nm -B'
NMEDIT=''
OBJDUMP='objdump'
OBJEXT='o'
OTOOL64=''
OTOOL=''
PACKAGE_BUGREPORT='BUG-REPORT-ADDRESS'
PACKAGE_NAME='m-SBI'
PACKAGE_STRING='m-SBI 1.0'
PACKAGE_TARNAME='m-sbi'
PACKAGE_URL=''
PACKAGE_VERSION='1.0'
PATH_SEPARATOR=':'
PROJECTNAME='m-SBI'
RANLIB='ranlib'
SED='/bin/sed'
SHELL='/bin/bash'
STRIP='strip'
XML2_CONFIG='yes'
ac_ct_AR='ar'
ac_ct_CC='gcc'
ac_ct_DUMPBIN=''
bindir='${exec_prefix}/bin'
build='x86_64-unknown-linux-gnu'
build_alias=''
build_cpu='x86_64'
build_os='linux-gnu'
build_vendor='unknown'
datadir='${datarootdir}'
datarootdir='${prefix}/share'
docdir='${datarootdir}/doc/${PACKAGE_TARNAME}'
dvidir='${docdir}'
exec_prefix='${prefix}'
host='x86_64-unknown-linux-gnu'
host_alias=''
host_cpu='x86_64'
host_os='linux-gnu'
host_vendor='unknown'
htmldir='${docdir}'
includedir='${prefix}/include'
infodir='${datarootdir}/info'
libdir='${exec_prefix}/lib'
libexecdir='${exec_prefix}/libexec'
libtool='./libtool'
localedir='${datarootdir}/locale'
localstatedir='${prefix}/var'
mandir='${datarootdir}/man'
oldincludedir='/usr/include'
pdfdir='${docdir}'
prefix='/usr/local'
program_transform_name='s,x,x,'
psdir='${docdir}'
runstatedir='${localstatedir}/run'
sbindir='${exec_prefix}/sbin'
sharedstatedir='${prefix}/com'
sysconfdir='${prefix}/etc'
target_alias=''

## ----------- ##
## confdefs.h. ##
## ----------- ##

/* confdefs.h */
#define PACKAGE_NAME "m-SBI"
#define PACKAGE_TARNAME "m-sbi"
#define PACKAGE_VERSION "1.0"
#define PACKAGE_STRING "m-SBI 1.0"
#define PACKAGE_BUGREPORT "BUG-REPORT-ADDRESS"
#define PACKAGE_URL ""
#define STDC_HEADERS 1
#define HAVE_SYS_TYPES_H 1
#define HAVE_SYS_STAT_H 1
#define HAVE_STDLIB_H 1
#define HAVE_STRING_H 1
#define HAVE_MEMORY_H 1
#define HAVE_STRINGS_H 1
#define HAVE_INTTYPES_H 1
#define HAVE_STDINT_H 1
#define HAVE_UNISTD_H 1
#define HAVE_DLFCN_H 1
#define LT_OBJDIR ".libs/"
#define HAVE_STDLIB_H 1
#define HAVE_LIBNETCONF_H 1

configure: exit 0
